{"/Users/iijimatatsusoku/TTHomeAccount/src/components/calendar/QuickTransactionForm.tsx": {"path":"/Users/iijimatatsusoku/TTHomeAccount/src/components/calendar/QuickTransactionForm.tsx","statementMap":{"0":{"start":{"line":1,"column":0},"end":{"line":1,"column":52}},"1":{"start":{"line":2,"column":0},"end":{"line":2,"column":48}},"2":{"start":{"line":3,"column":0},"end":{"line":3,"column":46}},"3":{"start":{"line":4,"column":0},"end":{"line":4,"column":46}},"4":{"start":{"line":5,"column":0},"end":{"line":5,"column":52}},"5":{"start":{"line":6,"column":0},"end":{"line":6,"column":103}},"6":{"start":{"line":7,"column":0},"end":{"line":7,"column":73}},"7":{"start":{"line":8,"column":0},"end":{"line":8,"column":66}},"8":{"start":{"line":9,"column":0},"end":{"line":9,"column":48}},"9":{"start":{"line":10,"column":0},"end":{"line":10,"column":64}},"10":{"start":{"line":11,"column":0},"end":{"line":11,"column":34}},"11":{"start":{"line":13,"column":0},"end":{"line":13,"column":69}},"12":{"start":{"line":24,"column":36},"end":{"line":433,"column":1}},"13":{"start":{"line":32,"column":48},"end":{"line":32,"column":69}},"14":{"start":{"line":33,"column":27},"end":{"line":33,"column":40}},"15":{"start":{"line":34,"column":34},"end":{"line":41,"column":4}},"16":{"start":{"line":42,"column":54},"end":{"line":42,"column":88}},"17":{"start":{"line":43,"column":42},"end":{"line":43,"column":57}},"18":{"start":{"line":44,"column":44},"end":{"line":50,"column":17}},"19":{"start":{"line":51,"column":50},"end":{"line":51,"column":65}},"20":{"start":{"line":52,"column":38},"end":{"line":52,"column":67}},"21":{"start":{"line":53,"column":38},"end":{"line":53,"column":77}},"22":{"start":{"line":54,"column":26},"end":{"line":54,"column":61}},"23":{"start":{"line":55,"column":54},"end":{"line":55,"column":74}},"24":{"start":{"line":58,"column":2},"end":{"line":100,"column":61}},"25":{"start":{"line":59,"column":4},"end":{"line":59,"column":166}},"26":{"start":{"line":60,"column":4},"end":{"line":99,"column":5}},"27":{"start":{"line":61,"column":6},"end":{"line":61,"column":56}},"28":{"start":{"line":62,"column":26},"end":{"line":69,"column":8}},"29":{"start":{"line":70,"column":6},"end":{"line":70,"column":31}},"30":{"start":{"line":71,"column":6},"end":{"line":71,"column":74}},"31":{"start":{"line":72,"column":6},"end":{"line":72,"column":75}},"32":{"start":{"line":73,"column":11},"end":{"line":99,"column":5}},"33":{"start":{"line":74,"column":6},"end":{"line":74,"column":34}},"34":{"start":{"line":75,"column":26},"end":{"line":82,"column":8}},"35":{"start":{"line":83,"column":6},"end":{"line":83,"column":31}},"36":{"start":{"line":84,"column":6},"end":{"line":84,"column":66}},"37":{"start":{"line":85,"column":6},"end":{"line":85,"column":75}},"38":{"start":{"line":86,"column":11},"end":{"line":99,"column":5}},"39":{"start":{"line":87,"column":6},"end":{"line":87,"column":34}},"40":{"start":{"line":88,"column":26},"end":{"line":95,"column":8}},"41":{"start":{"line":96,"column":6},"end":{"line":96,"column":31}},"42":{"start":{"line":97,"column":6},"end":{"line":97,"column":32}},"43":{"start":{"line":98,"column":6},"end":{"line":98,"column":74}},"44":{"start":{"line":102,"column":2},"end":{"line":107,"column":9}},"45":{"start":{"line":103,"column":4},"end":{"line":103,"column":48}},"46":{"start":{"line":104,"column":4},"end":{"line":106,"column":6}},"47":{"start":{"line":105,"column":6},"end":{"line":105,"column":52}},"48":{"start":{"line":110,"column":2},"end":{"line":116,"column":35}},"49":{"start":{"line":111,"column":4},"end":{"line":115,"column":5}},"50":{"start":{"line":112,"column":6},"end":{"line":112,"column":56}},"51":{"start":{"line":113,"column":11},"end":{"line":115,"column":5}},"52":{"start":{"line":114,"column":6},"end":{"line":114,"column":34}},"53":{"start":{"line":119,"column":2},"end":{"line":132,"column":35}},"54":{"start":{"line":120,"column":4},"end":{"line":120,"column":92}},"55":{"start":{"line":121,"column":4},"end":{"line":131,"column":5}},"56":{"start":{"line":122,"column":6},"end":{"line":122,"column":34}},"57":{"start":{"line":123,"column":6},"end":{"line":130,"column":9}},"58":{"start":{"line":135,"column":2},"end":{"line":149,"column":27}},"59":{"start":{"line":136,"column":4},"end":{"line":136,"column":89}},"60":{"start":{"line":137,"column":4},"end":{"line":148,"column":5}},"61":{"start":{"line":138,"column":6},"end":{"line":138,"column":94}},"62":{"start":{"line":139,"column":6},"end":{"line":146,"column":9}},"63":{"start":{"line":147,"column":6},"end":{"line":147,"column":66}},"64":{"start":{"line":152,"column":2},"end":{"line":166,"column":55}},"65":{"start":{"line":153,"column":4},"end":{"line":165,"column":5}},"66":{"start":{"line":154,"column":6},"end":{"line":154,"column":34}},"67":{"start":{"line":155,"column":6},"end":{"line":162,"column":9}},"68":{"start":{"line":163,"column":6},"end":{"line":163,"column":66}},"69":{"start":{"line":164,"column":6},"end":{"line":164,"column":39}},"70":{"start":{"line":164,"column":24},"end":{"line":164,"column":39}},"71":{"start":{"line":168,"column":23},"end":{"line":260,"column":4}},"72":{"start":{"line":168,"column":52},"end":{"line":260,"column":4}},"73":{"start":{"line":169,"column":4},"end":{"line":169,"column":23}},"74":{"start":{"line":170,"column":4},"end":{"line":170,"column":29}},"75":{"start":{"line":170,"column":22},"end":{"line":170,"column":29}},"76":{"start":{"line":171,"column":4},"end":{"line":174,"column":5}},"77":{"start":{"line":172,"column":6},"end":{"line":172,"column":41}},"78":{"start":{"line":173,"column":6},"end":{"line":173,"column":13}},"79":{"start":{"line":175,"column":23},"end":{"line":183,"column":6}},"80":{"start":{"line":184,"column":4},"end":{"line":194,"column":5}},"81":{"start":{"line":193,"column":6},"end":{"line":193,"column":13}},"82":{"start":{"line":195,"column":4},"end":{"line":195,"column":26}},"83":{"start":{"line":196,"column":4},"end":{"line":196,"column":33}},"84":{"start":{"line":197,"column":4},"end":{"line":259,"column":5}},"85":{"start":{"line":198,"column":6},"end":{"line":236,"column":7}},"86":{"start":{"line":199,"column":8},"end":{"line":203,"column":11}},"87":{"start":{"line":204,"column":8},"end":{"line":213,"column":11}},"88":{"start":{"line":214,"column":8},"end":{"line":214,"column":32}},"89":{"start":{"line":215,"column":8},"end":{"line":215,"column":34}},"90":{"start":{"line":216,"column":8},"end":{"line":219,"column":17}},"91":{"start":{"line":217,"column":10},"end":{"line":217,"column":37}},"92":{"start":{"line":218,"column":10},"end":{"line":218,"column":30}},"93":{"start":{"line":221,"column":8},"end":{"line":229,"column":11}},"94":{"start":{"line":230,"column":8},"end":{"line":230,"column":29}},"95":{"start":{"line":231,"column":8},"end":{"line":231,"column":34}},"96":{"start":{"line":232,"column":8},"end":{"line":235,"column":17}},"97":{"start":{"line":233,"column":10},"end":{"line":233,"column":37}},"98":{"start":{"line":234,"column":10},"end":{"line":234,"column":30}},"99":{"start":{"line":237,"column":6},"end":{"line":244,"column":9}},"100":{"start":{"line":245,"column":6},"end":{"line":245,"column":34}},"101":{"start":{"line":246,"column":6},"end":{"line":246,"column":32}},"102":{"start":{"line":248,"column":6},"end":{"line":248,"column":60}},"103":{"start":{"line":249,"column":20},"end":{"line":249,"column":31}},"104":{"start":{"line":250,"column":6},"end":{"line":254,"column":7}},"105":{"start":{"line":251,"column":23},"end":{"line":251,"column":80}},"106":{"start":{"line":252,"column":8},"end":{"line":253,"column":139}},"107":{"start":{"line":252,"column":71},"end":{"line":252,"column":104}},"108":{"start":{"line":253,"column":13},"end":{"line":253,"column":139}},"109":{"start":{"line":253,"column":96},"end":{"line":253,"column":139}},"110":{"start":{"line":255,"column":6},"end":{"line":255,"column":29}},"111":{"start":{"line":256,"column":6},"end":{"line":256,"column":50}},"112":{"start":{"line":256,"column":23},"end":{"line":256,"column":42}},"113":{"start":{"line":258,"column":6},"end":{"line":258,"column":29}},"114":{"start":{"line":262,"column":23},"end":{"line":273,"column":3}},"115":{"start":{"line":263,"column":4},"end":{"line":263,"column":32}},"116":{"start":{"line":264,"column":4},"end":{"line":271,"column":7}},"117":{"start":{"line":272,"column":4},"end":{"line":272,"column":37}},"118":{"start":{"line":272,"column":22},"end":{"line":272,"column":37}},"119":{"start":{"line":275,"column":2},"end":{"line":432,"column":4}},"120":{"start":{"line":299,"column":40},"end":{"line":299,"column":105}},"121":{"start":{"line":327,"column":31},"end":{"line":327,"column":81}},"122":{"start":{"line":341,"column":29},"end":{"line":341,"column":72}},"123":{"start":{"line":350,"column":29},"end":{"line":350,"column":71}},"124":{"start":{"line":365,"column":29},"end":{"line":365,"column":81}},"125":{"start":{"line":374,"column":38},"end":{"line":374,"column":83}},"126":{"start":{"line":381,"column":35},"end":{"line":381,"column":102}},"127":{"start":{"line":382,"column":16},"end":{"line":382,"column":217}},"128":{"start":{"line":383,"column":16},"end":{"line":383,"column":28}},"129":{"start":{"line":386,"column":16},"end":{"line":386,"column":38}},"130":{"start":{"line":411,"column":29},"end":{"line":411,"column":79}},"131":{"start":{"line":24,"column":13},"end":{"line":24,"column":36}}},"fnMap":{"0":{"name":"(anonymous_7)","decl":{"start":{"line":24,"column":36},"end":{"line":24,"column":37}},"loc":{"start":{"line":31,"column":32},"end":{"line":433,"column":1}}},"1":{"name":"(anonymous_8)","decl":{"start":{"line":58,"column":12},"end":{"line":58,"column":15}},"loc":{"start":{"line":58,"column":17},"end":{"line":100,"column":3}}},"2":{"name":"(anonymous_9)","decl":{"start":{"line":102,"column":12},"end":{"line":102,"column":15}},"loc":{"start":{"line":102,"column":17},"end":{"line":107,"column":3}}},"3":{"name":"(anonymous_10)","decl":{"start":{"line":104,"column":11},"end":{"line":104,"column":14}},"loc":{"start":{"line":104,"column":16},"end":{"line":106,"column":5}}},"4":{"name":"(anonymous_11)","decl":{"start":{"line":110,"column":12},"end":{"line":110,"column":15}},"loc":{"start":{"line":110,"column":17},"end":{"line":116,"column":3}}},"5":{"name":"(anonymous_12)","decl":{"start":{"line":119,"column":12},"end":{"line":119,"column":15}},"loc":{"start":{"line":119,"column":17},"end":{"line":132,"column":3}}},"6":{"name":"(anonymous_13)","decl":{"start":{"line":135,"column":12},"end":{"line":135,"column":15}},"loc":{"start":{"line":135,"column":17},"end":{"line":149,"column":3}}},"7":{"name":"(anonymous_14)","decl":{"start":{"line":152,"column":12},"end":{"line":152,"column":15}},"loc":{"start":{"line":152,"column":17},"end":{"line":166,"column":3}}},"8":{"name":"(anonymous_15)","decl":{"start":{"line":168,"column":23},"end":{"line":168,"column":30}},"loc":{"start":{"line":168,"column":52},"end":{"line":260,"column":4}}},"9":{"name":"(anonymous_16)","decl":{"start":{"line":168,"column":52},"end":{"line":168,"column":null}},"loc":{"start":{"line":168,"column":52},"end":{"line":260,"column":3}}},"10":{"name":"(anonymous_17)","decl":{"start":{"line":216,"column":45},"end":{"line":216,"column":48}},"loc":{"start":{"line":216,"column":50},"end":{"line":219,"column":9}}},"11":{"name":"(anonymous_18)","decl":{"start":{"line":232,"column":45},"end":{"line":232,"column":48}},"loc":{"start":{"line":232,"column":50},"end":{"line":235,"column":9}}},"12":{"name":"(anonymous_19)","decl":{"start":{"line":256,"column":17},"end":{"line":256,"column":20}},"loc":{"start":{"line":256,"column":23},"end":{"line":256,"column":42}}},"13":{"name":"(anonymous_20)","decl":{"start":{"line":262,"column":23},"end":{"line":262,"column":26}},"loc":{"start":{"line":262,"column":28},"end":{"line":273,"column":3}}},"14":{"name":"(anonymous_21)","decl":{"start":{"line":299,"column":29},"end":{"line":299,"column":30}},"loc":{"start":{"line":299,"column":40},"end":{"line":299,"column":105}}},"15":{"name":"(anonymous_22)","decl":{"start":{"line":327,"column":24},"end":{"line":327,"column":25}},"loc":{"start":{"line":327,"column":31},"end":{"line":327,"column":81}}},"16":{"name":"(anonymous_23)","decl":{"start":{"line":341,"column":23},"end":{"line":341,"column":26}},"loc":{"start":{"line":341,"column":29},"end":{"line":341,"column":72}}},"17":{"name":"(anonymous_24)","decl":{"start":{"line":350,"column":23},"end":{"line":350,"column":26}},"loc":{"start":{"line":350,"column":29},"end":{"line":350,"column":71}}},"18":{"name":"(anonymous_25)","decl":{"start":{"line":365,"column":22},"end":{"line":365,"column":23}},"loc":{"start":{"line":365,"column":29},"end":{"line":365,"column":81}}},"19":{"name":"(anonymous_26)","decl":{"start":{"line":374,"column":27},"end":{"line":374,"column":28}},"loc":{"start":{"line":374,"column":38},"end":{"line":374,"column":83}}},"20":{"name":"(anonymous_27)","decl":{"start":{"line":380,"column":16},"end":{"line":380,"column":19}},"loc":{"start":{"line":380,"column":21},"end":{"line":384,"column":15}}},"21":{"name":"(anonymous_28)","decl":{"start":{"line":385,"column":89},"end":{"line":385,"column":90}},"loc":{"start":{"line":386,"column":16},"end":{"line":386,"column":38}}},"22":{"name":"(anonymous_29)","decl":{"start":{"line":411,"column":22},"end":{"line":411,"column":23}},"loc":{"start":{"line":411,"column":29},"end":{"line":411,"column":79}}}},"branchMap":{"0":{"loc":{"start":{"line":27,"column":22},"end":{"line":27,"column":55}},"type":"default-arg","locations":[{"start":{"line":27,"column":51},"end":{"line":27,"column":55}}]},"1":{"loc":{"start":{"line":28,"column":2},"end":{"line":28,"column":27}},"type":"default-arg","locations":[{"start":{"line":28,"column":23},"end":{"line":28,"column":27}}]},"2":{"loc":{"start":{"line":60,"column":4},"end":{"line":99,"column":5}},"type":"if","locations":[{"start":{"line":60,"column":4},"end":{"line":99,"column":5}},{"start":{"line":73,"column":11},"end":{"line":99,"column":5}}]},"3":{"loc":{"start":{"line":60,"column":8},"end":{"line":60,"column":53}},"type":"binary-expr","locations":[{"start":{"line":60,"column":8},"end":{"line":60,"column":23}},{"start":{"line":60,"column":27},"end":{"line":60,"column":53}}]},"4":{"loc":{"start":{"line":66,"column":14},"end":{"line":66,"column":51}},"type":"binary-expr","locations":[{"start":{"line":66,"column":14},"end":{"line":66,"column":45}},{"start":{"line":66,"column":49},"end":{"line":66,"column":51}}]},"5":{"loc":{"start":{"line":71,"column":28},"end":{"line":71,"column":72}},"type":"binary-expr","locations":[{"start":{"line":71,"column":28},"end":{"line":71,"column":66}},{"start":{"line":71,"column":70},"end":{"line":71,"column":72}}]},"6":{"loc":{"start":{"line":73,"column":11},"end":{"line":99,"column":5}},"type":"if","locations":[{"start":{"line":73,"column":11},"end":{"line":99,"column":5}},{"start":{"line":86,"column":11},"end":{"line":99,"column":5}}]},"7":{"loc":{"start":{"line":73,"column":15},"end":{"line":73,"column":52}},"type":"binary-expr","locations":[{"start":{"line":73,"column":15},"end":{"line":73,"column":30}},{"start":{"line":73,"column":34},"end":{"line":73,"column":52}}]},"8":{"loc":{"start":{"line":79,"column":14},"end":{"line":79,"column":43}},"type":"binary-expr","locations":[{"start":{"line":79,"column":14},"end":{"line":79,"column":37}},{"start":{"line":79,"column":41},"end":{"line":79,"column":43}}]},"9":{"loc":{"start":{"line":84,"column":28},"end":{"line":84,"column":64}},"type":"binary-expr","locations":[{"start":{"line":84,"column":28},"end":{"line":84,"column":58}},{"start":{"line":84,"column":62},"end":{"line":84,"column":64}}]},"10":{"loc":{"start":{"line":86,"column":11},"end":{"line":99,"column":5}},"type":"if","locations":[{"start":{"line":86,"column":11},"end":{"line":99,"column":5}},{"start":{},"end":{}}]},"11":{"loc":{"start":{"line":86,"column":15},"end":{"line":86,"column":83}},"type":"binary-expr","locations":[{"start":{"line":86,"column":15},"end":{"line":86,"column":29}},{"start":{"line":86,"column":33},"end":{"line":86,"column":60}},{"start":{"line":86,"column":64},"end":{"line":86,"column":83}}]},"12":{"loc":{"start":{"line":111,"column":4},"end":{"line":115,"column":5}},"type":"if","locations":[{"start":{"line":111,"column":4},"end":{"line":115,"column":5}},{"start":{"line":113,"column":11},"end":{"line":115,"column":5}}]},"13":{"loc":{"start":{"line":113,"column":11},"end":{"line":115,"column":5}},"type":"if","locations":[{"start":{"line":113,"column":11},"end":{"line":115,"column":5}},{"start":{},"end":{}}]},"14":{"loc":{"start":{"line":121,"column":4},"end":{"line":131,"column":5}},"type":"if","locations":[{"start":{"line":121,"column":4},"end":{"line":131,"column":5}},{"start":{},"end":{}}]},"15":{"loc":{"start":{"line":137,"column":4},"end":{"line":148,"column":5}},"type":"if","locations":[{"start":{"line":137,"column":4},"end":{"line":148,"column":5}},{"start":{},"end":{}}]},"16":{"loc":{"start":{"line":143,"column":14},"end":{"line":143,"column":43}},"type":"binary-expr","locations":[{"start":{"line":143,"column":14},"end":{"line":143,"column":37}},{"start":{"line":143,"column":41},"end":{"line":143,"column":43}}]},"17":{"loc":{"start":{"line":147,"column":28},"end":{"line":147,"column":64}},"type":"binary-expr","locations":[{"start":{"line":147,"column":28},"end":{"line":147,"column":58}},{"start":{"line":147,"column":62},"end":{"line":147,"column":64}}]},"18":{"loc":{"start":{"line":153,"column":4},"end":{"line":165,"column":5}},"type":"if","locations":[{"start":{"line":153,"column":4},"end":{"line":165,"column":5}},{"start":{},"end":{}}]},"19":{"loc":{"start":{"line":159,"column":14},"end":{"line":159,"column":43}},"type":"binary-expr","locations":[{"start":{"line":159,"column":14},"end":{"line":159,"column":37}},{"start":{"line":159,"column":41},"end":{"line":159,"column":43}}]},"20":{"loc":{"start":{"line":163,"column":28},"end":{"line":163,"column":64}},"type":"binary-expr","locations":[{"start":{"line":163,"column":28},"end":{"line":163,"column":58}},{"start":{"line":163,"column":62},"end":{"line":163,"column":64}}]},"21":{"loc":{"start":{"line":164,"column":6},"end":{"line":164,"column":39}},"type":"if","locations":[{"start":{"line":164,"column":6},"end":{"line":164,"column":39}},{"start":{},"end":{}}]},"22":{"loc":{"start":{"line":170,"column":4},"end":{"line":170,"column":29}},"type":"if","locations":[{"start":{"line":170,"column":4},"end":{"line":170,"column":29}},{"start":{},"end":{}}]},"23":{"loc":{"start":{"line":171,"column":4},"end":{"line":174,"column":5}},"type":"if","locations":[{"start":{"line":171,"column":4},"end":{"line":174,"column":5}},{"start":{},"end":{}}]},"24":{"loc":{"start":{"line":171,"column":8},"end":{"line":171,"column":46}},"type":"binary-expr","locations":[{"start":{"line":171,"column":8},"end":{"line":171,"column":24}},{"start":{"line":171,"column":28},"end":{"line":171,"column":46}}]},"25":{"loc":{"start":{"line":176,"column":12},"end":{"line":176,"column":83}},"type":"cond-expr","locations":[{"start":{"line":176,"column":33},"end":{"line":176,"column":46}},{"start":{"line":176,"column":49},"end":{"line":176,"column":83}}]},"26":{"loc":{"start":{"line":182,"column":19},"end":{"line":182,"column":67}},"type":"cond-expr","locations":[{"start":{"line":182,"column":37},"end":{"line":182,"column":55}},{"start":{"line":182,"column":58},"end":{"line":182,"column":67}}]},"27":{"loc":{"start":{"line":184,"column":4},"end":{"line":194,"column":5}},"type":"if","locations":[{"start":{"line":184,"column":4},"end":{"line":194,"column":5}},{"start":{},"end":{}}]},"28":{"loc":{"start":{"line":185,"column":6},"end":{"line":190,"column":44}},"type":"binary-expr","locations":[{"start":{"line":185,"column":6},"end":{"line":185,"column":19}},{"start":{"line":186,"column":6},"end":{"line":186,"column":44}},{"start":{"line":187,"column":6},"end":{"line":187,"column":44}},{"start":{"line":188,"column":6},"end":{"line":188,"column":48}},{"start":{"line":189,"column":6},"end":{"line":189,"column":52}},{"start":{"line":190,"column":6},"end":{"line":190,"column":44}}]},"29":{"loc":{"start":{"line":198,"column":6},"end":{"line":236,"column":7}},"type":"if","locations":[{"start":{"line":198,"column":6},"end":{"line":236,"column":7}},{"start":{"line":220,"column":13},"end":{"line":236,"column":7}}]},"30":{"loc":{"start":{"line":212,"column":23},"end":{"line":212,"column":71}},"type":"cond-expr","locations":[{"start":{"line":212,"column":41},"end":{"line":212,"column":59}},{"start":{"line":212,"column":62},"end":{"line":212,"column":71}}]},"31":{"loc":{"start":{"line":250,"column":6},"end":{"line":254,"column":7}},"type":"if","locations":[{"start":{"line":250,"column":6},"end":{"line":254,"column":7}},{"start":{},"end":{}}]},"32":{"loc":{"start":{"line":250,"column":10},"end":{"line":250,"column":44}},"type":"binary-expr","locations":[{"start":{"line":250,"column":10},"end":{"line":250,"column":15}},{"start":{"line":250,"column":19},"end":{"line":250,"column":44}}]},"33":{"loc":{"start":{"line":252,"column":8},"end":{"line":253,"column":139}},"type":"if","locations":[{"start":{"line":252,"column":8},"end":{"line":253,"column":139}},{"start":{"line":253,"column":13},"end":{"line":253,"column":139}}]},"34":{"loc":{"start":{"line":252,"column":12},"end":{"line":252,"column":69}},"type":"binary-expr","locations":[{"start":{"line":252,"column":12},"end":{"line":252,"column":31}},{"start":{"line":252,"column":35},"end":{"line":252,"column":69}}]},"35":{"loc":{"start":{"line":253,"column":13},"end":{"line":253,"column":139}},"type":"if","locations":[{"start":{"line":253,"column":13},"end":{"line":253,"column":139}},{"start":{},"end":{}}]},"36":{"loc":{"start":{"line":253,"column":17},"end":{"line":253,"column":94}},"type":"binary-expr","locations":[{"start":{"line":253,"column":17},"end":{"line":253,"column":46}},{"start":{"line":253,"column":50},"end":{"line":253,"column":94}}]},"37":{"loc":{"start":{"line":272,"column":4},"end":{"line":272,"column":37}},"type":"if","locations":[{"start":{"line":272,"column":4},"end":{"line":272,"column":37}},{"start":{},"end":{}}]},"38":{"loc":{"start":{"line":276,"column":80},"end":{"line":276,"column":178}},"type":"cond-expr","locations":[{"start":{"line":276,"column":101},"end":{"line":276,"column":142}},{"start":{"line":276,"column":145},"end":{"line":276,"column":178}}]},"39":{"loc":{"start":{"line":277,"column":7},"end":{"line":282,"column":null}},"type":"binary-expr","locations":[{"start":{"line":277,"column":7},"end":{"line":277,"column":23}},{"start":{"line":277,"column":27},"end":{"line":277,"column":37}},{"start":{"line":278,"column":8},"end":{"line":281,"column":null}}]},"40":{"loc":{"start":{"line":280,"column":13},"end":{"line":280,"column":82}},"type":"cond-expr","locations":[{"start":{"line":280,"column":39},"end":{"line":280,"column":45}},{"start":{"line":280,"column":48},"end":{"line":280,"column":82}}]},"41":{"loc":{"start":{"line":280,"column":48},"end":{"line":280,"column":82}},"type":"cond-expr","locations":[{"start":{"line":280,"column":71},"end":{"line":280,"column":77}},{"start":{"line":280,"column":80},"end":{"line":280,"column":82}}]},"42":{"loc":{"start":{"line":285,"column":7},"end":{"line":290,"column":null}},"type":"binary-expr","locations":[{"start":{"line":285,"column":7},"end":{"line":285,"column":17}},{"start":{"line":286,"column":8},"end":{"line":289,"column":null}}]},"43":{"loc":{"start":{"line":311,"column":13},"end":{"line":314,"column":null}},"type":"binary-expr","locations":[{"start":{"line":311,"column":13},"end":{"line":311,"column":31}},{"start":{"line":312,"column":14},"end":{"line":313,"column":null}}]},"44":{"loc":{"start":{"line":320,"column":9},"end":{"line":329,"column":null}},"type":"binary-expr","locations":[{"start":{"line":320,"column":9},"end":{"line":320,"column":27}},{"start":{"line":321,"column":10},"end":{"line":328,"column":null}}]},"45":{"loc":{"start":{"line":340,"column":18},"end":{"line":340,"column":95}},"type":"cond-expr","locations":[{"start":{"line":340,"column":37},"end":{"line":340,"column":68}},{"start":{"line":340,"column":71},"end":{"line":340,"column":95}}]},"46":{"loc":{"start":{"line":349,"column":18},"end":{"line":349,"column":96}},"type":"cond-expr","locations":[{"start":{"line":349,"column":36},"end":{"line":349,"column":69}},{"start":{"line":349,"column":72},"end":{"line":349,"column":96}}]},"47":{"loc":{"start":{"line":381,"column":35},"end":{"line":381,"column":102}},"type":"cond-expr","locations":[{"start":{"line":381,"column":64},"end":{"line":381,"column":81}},{"start":{"line":381,"column":84},"end":{"line":381,"column":102}}]},"48":{"loc":{"start":{"line":385,"column":16},"end":{"line":385,"column":83}},"type":"cond-expr","locations":[{"start":{"line":385,"column":45},"end":{"line":385,"column":62}},{"start":{"line":385,"column":65},"end":{"line":385,"column":83}}]},"49":{"loc":{"start":{"line":394,"column":9},"end":{"line":403,"column":null}},"type":"binary-expr","locations":[{"start":{"line":394,"column":9},"end":{"line":394,"column":24}},{"start":{"line":395,"column":10},"end":{"line":402,"column":null}}]},"50":{"loc":{"start":{"line":417,"column":11},"end":{"line":424,"column":null}},"type":"binary-expr","locations":[{"start":{"line":417,"column":11},"end":{"line":417,"column":29}},{"start":{"line":418,"column":12},"end":{"line":421,"column":null}}]},"51":{"loc":{"start":{"line":427,"column":13},"end":{"line":427,"column":45}},"type":"cond-expr","locations":[{"start":{"line":427,"column":34},"end":{"line":427,"column":38}},{"start":{"line":427,"column":41},"end":{"line":427,"column":45}}]}},"s":{"0":1,"1":1,"2":1,"3":1,"4":1,"5":1,"6":1,"7":1,"8":1,"9":1,"10":1,"11":1,"12":1,"13":24,"14":24,"15":24,"16":24,"17":24,"18":24,"19":24,"20":24,"21":24,"22":24,"23":24,"24":24,"25":6,"26":6,"27":1,"28":1,"29":1,"30":1,"31":1,"32":5,"33":0,"34":0,"35":0,"36":0,"37":0,"38":5,"39":5,"40":5,"41":5,"42":5,"43":5,"44":24,"45":6,"46":6,"47":6,"48":24,"49":6,"50":1,"51":5,"52":5,"53":24,"54":6,"55":6,"56":5,"57":5,"58":24,"59":7,"60":7,"61":1,"62":1,"63":1,"64":24,"65":6,"66":0,"67":0,"68":0,"69":0,"70":0,"71":24,"72":1,"73":1,"74":1,"75":0,"76":1,"77":1,"78":1,"79":0,"80":0,"81":0,"82":0,"83":0,"84":0,"85":0,"86":0,"87":0,"88":0,"89":0,"90":0,"91":0,"92":0,"93":0,"94":0,"95":0,"96":0,"97":0,"98":0,"99":0,"100":0,"101":0,"102":0,"103":0,"104":0,"105":0,"106":0,"107":0,"108":0,"109":0,"110":0,"111":0,"112":0,"113":0,"114":24,"115":0,"116":0,"117":0,"118":0,"119":24,"120":1,"121":0,"122":0,"123":1,"124":8,"125":0,"126":24,"127":24,"128":24,"129":672,"130":0,"131":1},"f":{"0":24,"1":6,"2":6,"3":6,"4":6,"5":6,"6":7,"7":6,"8":1,"9":1,"10":0,"11":0,"12":0,"13":0,"14":1,"15":0,"16":0,"17":1,"18":8,"19":0,"20":24,"21":672,"22":0},"b":{"0":[21],"1":[24],"2":[1,5],"3":[6,1],"4":[1,0],"5":[1,0],"6":[0,5],"7":[5,0],"8":[0,0],"9":[0,0],"10":[5,0],"11":[5,5,5],"12":[1,5],"13":[5,0],"14":[5,1],"15":[1,6],"16":[1,0],"17":[1,0],"18":[0,6],"19":[0,0],"20":[0,0],"21":[0,0],"22":[0,1],"23":[1,0],"24":[1,0],"25":[0,0],"26":[0,0],"27":[0,0],"28":[0,0,0,0,0,0],"29":[0,0],"30":[0,0],"31":[0,0],"32":[0,0],"33":[0,0],"34":[0,0],"35":[0,0],"36":[0,0],"37":[0,0],"38":[2,22],"39":[24,0,0],"40":[0,0],"41":[0,0],"42":[24,0],"43":[24,2],"44":[24,2],"45":[23,1],"46":[1,23],"47":[1,23],"48":[1,23],"49":[24,1],"50":[24,2],"51":[2,22]}}
,"/Users/iijimatatsusoku/TTHomeAccount/src/components/ui/button.tsx": {"path":"/Users/iijimatatsusoku/TTHomeAccount/src/components/ui/button.tsx","statementMap":{"0":{"start":{"line":1,"column":0},"end":{"line":1,"column":31}},"1":{"start":{"line":2,"column":0},"end":{"line":2,"column":44}},"2":{"start":{"line":3,"column":0},"end":{"line":3,"column":66}},"3":{"start":{"line":5,"column":0},"end":{"line":5,"column":33}},"4":{"start":{"line":7,"column":23},"end":{"line":34,"column":null}},"5":{"start":{"line":57,"column":17},"end":{"line":57,"column":31}},"6":{"start":{"line":43,"column":15},"end":{"line":53,"column":null}},"7":{"start":{"line":44,"column":46},"end":{"line":44,"column":51}},"8":{"start":{"line":44,"column":56},"end":{"line":44,"column":60}},"9":{"start":{"line":45,"column":17},"end":{"line":45,"column":42}},"10":{"start":{"line":46,"column":4},"end":{"line":52,"column":6}},"11":{"start":{"line":57,"column":9},"end":{"line":57,"column":15}},"12":{"start":{"line":55,"column":0},"end":{"line":55,"column":30}}},"fnMap":{"0":{"name":"(anonymous_10)","decl":{"start":{"line":44,"column":2},"end":{"line":44,"column":3}},"loc":{"start":{"line":44,"column":67},"end":{"line":53,"column":3}}}},"branchMap":{"0":{"loc":{"start":{"line":44,"column":31},"end":{"line":44,"column":46}},"type":"default-arg","locations":[{"start":{"line":44,"column":41},"end":{"line":44,"column":46}}]},"1":{"loc":{"start":{"line":45,"column":17},"end":{"line":45,"column":42}},"type":"cond-expr","locations":[{"start":{"line":45,"column":27},"end":{"line":45,"column":31}},{"start":{"line":45,"column":34},"end":{"line":45,"column":42}}]}},"s":{"0":1,"1":1,"2":1,"3":1,"4":1,"5":1,"6":1,"7":26,"8":26,"9":26,"10":26,"11":1,"12":1},"f":{"0":26},"b":{"0":[26],"1":[0,26]}}
,"/Users/iijimatatsusoku/TTHomeAccount/src/components/ui/input.tsx": {"path":"/Users/iijimatatsusoku/TTHomeAccount/src/components/ui/input.tsx","statementMap":{"0":{"start":{"line":1,"column":0},"end":{"line":1,"column":31}},"1":{"start":{"line":3,"column":0},"end":{"line":3,"column":33}},"2":{"start":{"line":5,"column":14},"end":{"line":18,"column":null}},"3":{"start":{"line":6,"column":20},"end":{"line":6,"column":25}},"4":{"start":{"line":6,"column":30},"end":{"line":6,"column":34}},"5":{"start":{"line":7,"column":4},"end":{"line":17,"column":6}},"6":{"start":{"line":22,"column":9},"end":{"line":22,"column":14}},"7":{"start":{"line":20,"column":0},"end":{"line":20,"column":28}}},"fnMap":{"0":{"name":"(anonymous_10)","decl":{"start":{"line":6,"column":2},"end":{"line":6,"column":3}},"loc":{"start":{"line":6,"column":41},"end":{"line":18,"column":3}}}},"branchMap":{},"s":{"0":1,"1":1,"2":1,"3":26,"4":26,"5":26,"6":1,"7":1},"f":{"0":26},"b":{}}
,"/Users/iijimatatsusoku/TTHomeAccount/src/components/ui/label.tsx": {"path":"/Users/iijimatatsusoku/TTHomeAccount/src/components/ui/label.tsx","statementMap":{"0":{"start":{"line":1,"column":0},"end":{"line":1,"column":31}},"1":{"start":{"line":2,"column":0},"end":{"line":2,"column":56}},"2":{"start":{"line":3,"column":0},"end":{"line":3,"column":66}},"3":{"start":{"line":5,"column":0},"end":{"line":5,"column":33}},"4":{"start":{"line":7,"column":22},"end":{"line":8,"column":null}},"5":{"start":{"line":11,"column":14},"end":{"line":21,"column":2}},"6":{"start":{"line":15,"column":14},"end":{"line":15,"column":19}},"7":{"start":{"line":15,"column":24},"end":{"line":15,"column":28}},"8":{"start":{"line":15,"column":36},"end":{"line":21,"column":2}},"9":{"start":{"line":24,"column":9},"end":{"line":24,"column":14}},"10":{"start":{"line":22,"column":0},"end":{"line":22,"column":52}}},"fnMap":{"0":{"name":"(anonymous_10)","decl":{"start":{"line":15,"column":2},"end":{"line":15,"column":3}},"loc":{"start":{"line":15,"column":35},"end":{"line":21,"column":2}}}},"branchMap":{},"s":{"0":1,"1":1,"2":1,"3":1,"4":1,"5":1,"6":123,"7":123,"8":123,"9":1,"10":1},"f":{"0":123},"b":{}}
,"/Users/iijimatatsusoku/TTHomeAccount/src/components/ui/radio-group.tsx": {"path":"/Users/iijimatatsusoku/TTHomeAccount/src/components/ui/radio-group.tsx","statementMap":{"0":{"start":{"line":1,"column":0},"end":{"line":1,"column":31}},"1":{"start":{"line":2,"column":0},"end":{"line":2,"column":50}},"2":{"start":{"line":3,"column":0},"end":{"line":3,"column":67}},"3":{"start":{"line":5,"column":0},"end":{"line":5,"column":33}},"4":{"start":{"line":7,"column":19},"end":{"line":18,"column":2}},"5":{"start":{"line":10,"column":14},"end":{"line":10,"column":19}},"6":{"start":{"line":10,"column":24},"end":{"line":10,"column":28}},"7":{"start":{"line":11,"column":2},"end":{"line":17,"column":4}},"8":{"start":{"line":42,"column":9},"end":{"line":42,"column":19}},"9":{"start":{"line":19,"column":0},"end":{"line":19,"column":62}},"10":{"start":{"line":21,"column":23},"end":{"line":39,"column":2}},"11":{"start":{"line":24,"column":14},"end":{"line":24,"column":19}},"12":{"start":{"line":24,"column":24},"end":{"line":24,"column":28}},"13":{"start":{"line":25,"column":2},"end":{"line":38,"column":4}},"14":{"start":{"line":42,"column":21},"end":{"line":42,"column":35}},"15":{"start":{"line":40,"column":0},"end":{"line":40,"column":66}}},"fnMap":{"0":{"name":"(anonymous_10)","decl":{"start":{"line":10,"column":2},"end":{"line":10,"column":3}},"loc":{"start":{"line":10,"column":35},"end":{"line":18,"column":1}}},"1":{"name":"(anonymous_11)","decl":{"start":{"line":24,"column":2},"end":{"line":24,"column":3}},"loc":{"start":{"line":24,"column":35},"end":{"line":39,"column":1}}}},"branchMap":{},"s":{"0":1,"1":1,"2":1,"3":1,"4":1,"5":24,"6":24,"7":24,"8":1,"9":1,"10":1,"11":48,"12":48,"13":48,"14":1,"15":1},"f":{"0":24,"1":48},"b":{}}
,"/Users/iijimatatsusoku/TTHomeAccount/src/components/ui/scenario-selector.tsx": {"path":"/Users/iijimatatsusoku/TTHomeAccount/src/components/ui/scenario-selector.tsx","statementMap":{"0":{"start":{"line":1,"column":0},"end":{"line":1,"column":44}},"1":{"start":{"line":2,"column":0},"end":{"line":2,"column":60}},"2":{"start":{"line":3,"column":0},"end":{"line":3,"column":103}},"3":{"start":{"line":12,"column":32},"end":{"line":80,"column":1}},"4":{"start":{"line":18,"column":60},"end":{"line":18,"column":78}},"5":{"start":{"line":19,"column":36},"end":{"line":19,"column":50}},"6":{"start":{"line":21,"column":2},"end":{"line":27,"column":23}},"7":{"start":{"line":22,"column":26},"end":{"line":25,"column":6}},"8":{"start":{"line":22,"column":37},"end":{"line":25,"column":6}},"9":{"start":{"line":23,"column":6},"end":{"line":23,"column":29}},"10":{"start":{"line":24,"column":6},"end":{"line":24,"column":26}},"11":{"start":{"line":26,"column":4},"end":{"line":26,"column":20}},"12":{"start":{"line":29,"column":2},"end":{"line":37,"column":71}},"13":{"start":{"line":31,"column":4},"end":{"line":36,"column":5}},"14":{"start":{"line":32,"column":30},"end":{"line":32,"column":50}},"15":{"start":{"line":33,"column":6},"end":{"line":35,"column":7}},"16":{"start":{"line":34,"column":8},"end":{"line":34,"column":42}},"17":{"start":{"line":39,"column":2},"end":{"line":47,"column":3}},"18":{"start":{"line":40,"column":4},"end":{"line":46,"column":6}},"19":{"start":{"line":49,"column":2},"end":{"line":57,"column":3}},"20":{"start":{"line":50,"column":4},"end":{"line":56,"column":6}},"21":{"start":{"line":59,"column":2},"end":{"line":79,"column":4}},"22":{"start":{"line":66,"column":10},"end":{"line":66,"column":40}},"23":{"start":{"line":12,"column":13},"end":{"line":12,"column":32}}},"fnMap":{"0":{"name":"(anonymous_7)","decl":{"start":{"line":12,"column":32},"end":{"line":12,"column":33}},"loc":{"start":{"line":17,"column":28},"end":{"line":80,"column":1}}},"1":{"name":"(anonymous_8)","decl":{"start":{"line":21,"column":12},"end":{"line":21,"column":15}},"loc":{"start":{"line":21,"column":17},"end":{"line":27,"column":3}}},"2":{"name":"(anonymous_9)","decl":{"start":{"line":22,"column":26},"end":{"line":22,"column":35}},"loc":{"start":{"line":22,"column":37},"end":{"line":25,"column":6}}},"3":{"name":"(anonymous_10)","decl":{"start":{"line":22,"column":37},"end":{"line":22,"column":null}},"loc":{"start":{"line":22,"column":37},"end":{"line":25,"column":5}}},"4":{"name":"(anonymous_11)","decl":{"start":{"line":29,"column":12},"end":{"line":29,"column":15}},"loc":{"start":{"line":29,"column":17},"end":{"line":37,"column":3}}},"5":{"name":"(anonymous_12)","decl":{"start":{"line":65,"column":23},"end":{"line":65,"column":24}},"loc":{"start":{"line":66,"column":10},"end":{"line":66,"column":40}}}},"branchMap":{"0":{"loc":{"start":{"line":15,"column":2},"end":{"line":15,"column":25}},"type":"default-arg","locations":[{"start":{"line":15,"column":16},"end":{"line":15,"column":25}}]},"1":{"loc":{"start":{"line":31,"column":4},"end":{"line":36,"column":5}},"type":"if","locations":[{"start":{"line":31,"column":4},"end":{"line":36,"column":5}},{"start":{},"end":{}}]},"2":{"loc":{"start":{"line":31,"column":8},"end":{"line":31,"column":52}},"type":"binary-expr","locations":[{"start":{"line":31,"column":8},"end":{"line":31,"column":18}},{"start":{"line":31,"column":22},"end":{"line":31,"column":28}},{"start":{"line":31,"column":32},"end":{"line":31,"column":52}}]},"3":{"loc":{"start":{"line":33,"column":6},"end":{"line":35,"column":7}},"type":"if","locations":[{"start":{"line":33,"column":6},"end":{"line":35,"column":7}},{"start":{},"end":{}}]},"4":{"loc":{"start":{"line":39,"column":2},"end":{"line":47,"column":3}},"type":"if","locations":[{"start":{"line":39,"column":2},"end":{"line":47,"column":3}},{"start":{},"end":{}}]},"5":{"loc":{"start":{"line":49,"column":2},"end":{"line":57,"column":3}},"type":"if","locations":[{"start":{"line":49,"column":2},"end":{"line":57,"column":3}},{"start":{},"end":{}}]},"6":{"loc":{"start":{"line":69,"column":15},"end":{"line":72,"column":null}},"type":"binary-expr","locations":[{"start":{"line":69,"column":15},"end":{"line":69,"column":34}},{"start":{"line":70,"column":16},"end":{"line":70,"column":null}}]}},"s":{"0":1,"1":1,"2":1,"3":1,"4":3,"5":3,"6":3,"7":1,"8":1,"9":1,"10":1,"11":1,"12":3,"13":2,"14":0,"15":0,"16":0,"17":3,"18":2,"19":1,"20":1,"21":0,"22":0,"23":1},"f":{"0":3,"1":1,"2":1,"3":1,"4":2,"5":0},"b":{"0":[0],"1":[0,2],"2":[2,1,1],"3":[0,0],"4":[2,1],"5":[1,0],"6":[0,0]}}
,"/Users/iijimatatsusoku/TTHomeAccount/src/components/ui/select.tsx": {"path":"/Users/iijimatatsusoku/TTHomeAccount/src/components/ui/select.tsx","statementMap":{"0":{"start":{"line":1,"column":0},"end":{"line":1,"column":31}},"1":{"start":{"line":2,"column":0},"end":{"line":2,"column":null}},"2":{"start":{"line":8,"column":0},"end":{"line":8,"column":58}},"3":{"start":{"line":10,"column":0},"end":{"line":10,"column":33}},"4":{"start":{"line":12,"column":15},"end":{"line":12,"column":35}},"5":{"start":{"line":152,"column":2},"end":{"line":152,"column":8}},"6":{"start":{"line":14,"column":20},"end":{"line":14,"column":41}},"7":{"start":{"line":153,"column":2},"end":{"line":153,"column":13}},"8":{"start":{"line":16,"column":20},"end":{"line":16,"column":41}},"9":{"start":{"line":154,"column":2},"end":{"line":154,"column":13}},"10":{"start":{"line":18,"column":22},"end":{"line":35,"column":2}},"11":{"start":{"line":21,"column":24},"end":{"line":21,"column":29}},"12":{"start":{"line":21,"column":34},"end":{"line":21,"column":38}},"13":{"start":{"line":21,"column":46},"end":{"line":35,"column":2}},"14":{"start":{"line":155,"column":2},"end":{"line":155,"column":15}},"15":{"start":{"line":36,"column":0},"end":{"line":36,"column":64}},"16":{"start":{"line":38,"column":29},"end":{"line":52,"column":2}},"17":{"start":{"line":41,"column":14},"end":{"line":41,"column":19}},"18":{"start":{"line":41,"column":24},"end":{"line":41,"column":28}},"19":{"start":{"line":41,"column":36},"end":{"line":52,"column":2}},"20":{"start":{"line":160,"column":2},"end":{"line":160,"column":22}},"21":{"start":{"line":53,"column":0},"end":{"line":53,"column":78}},"22":{"start":{"line":55,"column":31},"end":{"line":69,"column":2}},"23":{"start":{"line":58,"column":14},"end":{"line":58,"column":19}},"24":{"start":{"line":58,"column":24},"end":{"line":58,"column":28}},"25":{"start":{"line":58,"column":36},"end":{"line":69,"column":2}},"26":{"start":{"line":161,"column":2},"end":{"line":161,"column":24}},"27":{"start":{"line":70,"column":0},"end":{"line":71,"column":47}},"28":{"start":{"line":73,"column":22},"end":{"line":102,"column":2}},"29":{"start":{"line":76,"column":45},"end":{"line":76,"column":50}},"30":{"start":{"line":76,"column":55},"end":{"line":76,"column":59}},"31":{"start":{"line":76,"column":67},"end":{"line":102,"column":2}},"32":{"start":{"line":156,"column":2},"end":{"line":156,"column":15}},"33":{"start":{"line":103,"column":0},"end":{"line":103,"column":64}},"34":{"start":{"line":105,"column":20},"end":{"line":114,"column":2}},"35":{"start":{"line":108,"column":14},"end":{"line":108,"column":19}},"36":{"start":{"line":108,"column":24},"end":{"line":108,"column":28}},"37":{"start":{"line":108,"column":36},"end":{"line":114,"column":2}},"38":{"start":{"line":157,"column":2},"end":{"line":157,"column":13}},"39":{"start":{"line":115,"column":0},"end":{"line":115,"column":60}},"40":{"start":{"line":117,"column":19},"end":{"line":136,"column":2}},"41":{"start":{"line":120,"column":24},"end":{"line":120,"column":29}},"42":{"start":{"line":120,"column":34},"end":{"line":120,"column":38}},"43":{"start":{"line":120,"column":46},"end":{"line":136,"column":2}},"44":{"start":{"line":158,"column":2},"end":{"line":158,"column":12}},"45":{"start":{"line":137,"column":0},"end":{"line":137,"column":58}},"46":{"start":{"line":139,"column":24},"end":{"line":148,"column":2}},"47":{"start":{"line":142,"column":14},"end":{"line":142,"column":19}},"48":{"start":{"line":142,"column":24},"end":{"line":142,"column":28}},"49":{"start":{"line":142,"column":36},"end":{"line":148,"column":2}},"50":{"start":{"line":159,"column":2},"end":{"line":159,"column":17}},"51":{"start":{"line":149,"column":0},"end":{"line":149,"column":68}}},"fnMap":{"0":{"name":"(anonymous_10)","decl":{"start":{"line":21,"column":2},"end":{"line":21,"column":3}},"loc":{"start":{"line":21,"column":45},"end":{"line":35,"column":2}}},"1":{"name":"(anonymous_11)","decl":{"start":{"line":41,"column":2},"end":{"line":41,"column":3}},"loc":{"start":{"line":41,"column":35},"end":{"line":52,"column":2}}},"2":{"name":"(anonymous_12)","decl":{"start":{"line":58,"column":2},"end":{"line":58,"column":3}},"loc":{"start":{"line":58,"column":35},"end":{"line":69,"column":2}}},"3":{"name":"(anonymous_13)","decl":{"start":{"line":76,"column":2},"end":{"line":76,"column":3}},"loc":{"start":{"line":76,"column":66},"end":{"line":102,"column":2}}},"4":{"name":"(anonymous_14)","decl":{"start":{"line":108,"column":2},"end":{"line":108,"column":3}},"loc":{"start":{"line":108,"column":35},"end":{"line":114,"column":2}}},"5":{"name":"(anonymous_15)","decl":{"start":{"line":120,"column":2},"end":{"line":120,"column":3}},"loc":{"start":{"line":120,"column":45},"end":{"line":136,"column":2}}},"6":{"name":"(anonymous_16)","decl":{"start":{"line":142,"column":2},"end":{"line":142,"column":3}},"loc":{"start":{"line":142,"column":35},"end":{"line":148,"column":2}}}},"branchMap":{"0":{"loc":{"start":{"line":76,"column":26},"end":{"line":76,"column":45}},"type":"default-arg","locations":[{"start":{"line":76,"column":37},"end":{"line":76,"column":45}}]},"1":{"loc":{"start":{"line":82,"column":8},"end":{"line":83,"column":139}},"type":"binary-expr","locations":[{"start":{"line":82,"column":8},"end":{"line":82,"column":29}},{"start":{"line":83,"column":10},"end":{"line":83,"column":139}}]},"2":{"loc":{"start":{"line":93,"column":10},"end":{"line":94,"column":101}},"type":"binary-expr","locations":[{"start":{"line":93,"column":10},"end":{"line":93,"column":31}},{"start":{"line":94,"column":12},"end":{"line":94,"column":101}}]}},"s":{"0":1,"1":1,"2":1,"3":1,"4":1,"5":1,"6":1,"7":1,"8":1,"9":1,"10":1,"11":27,"12":27,"13":27,"14":1,"15":1,"16":1,"17":24,"18":24,"19":24,"20":1,"21":1,"22":1,"23":24,"24":24,"25":24,"26":1,"27":1,"28":1,"29":24,"30":24,"31":24,"32":1,"33":1,"34":1,"35":0,"36":0,"37":0,"38":1,"39":1,"40":1,"41":672,"42":672,"43":672,"44":1,"45":1,"46":1,"47":0,"48":0,"49":0,"50":1,"51":1},"f":{"0":27,"1":24,"2":24,"3":24,"4":0,"5":672,"6":0},"b":{"0":[24],"1":[24,24],"2":[24,24]}}
,"/Users/iijimatatsusoku/TTHomeAccount/src/components/ui/textarea.tsx": {"path":"/Users/iijimatatsusoku/TTHomeAccount/src/components/ui/textarea.tsx","statementMap":{"0":{"start":{"line":1,"column":0},"end":{"line":1,"column":31}},"1":{"start":{"line":3,"column":0},"end":{"line":3,"column":33}},"2":{"start":{"line":5,"column":17},"end":{"line":17,"column":null}},"3":{"start":{"line":6,"column":14},"end":{"line":6,"column":19}},"4":{"start":{"line":6,"column":24},"end":{"line":6,"column":28}},"5":{"start":{"line":7,"column":4},"end":{"line":16,"column":6}},"6":{"start":{"line":21,"column":9},"end":{"line":21,"column":17}},"7":{"start":{"line":19,"column":0},"end":{"line":19,"column":34}}},"fnMap":{"0":{"name":"(anonymous_10)","decl":{"start":{"line":6,"column":2},"end":{"line":6,"column":3}},"loc":{"start":{"line":6,"column":35},"end":{"line":17,"column":3}}}},"branchMap":{},"s":{"0":1,"1":1,"2":1,"3":24,"4":24,"5":24,"6":1,"7":1},"f":{"0":24},"b":{}}
,"/Users/iijimatatsusoku/TTHomeAccount/src/hooks/use-toast.ts": {"path":"/Users/iijimatatsusoku/TTHomeAccount/src/hooks/use-toast.ts","statementMap":{"0":{"start":{"line":22,"column":0},"end":{"line":22,"column":16}},"1":{"start":{"line":1,"column":0},"end":{"line":1,"column":33}},"2":{"start":{"line":12,"column":13},"end":{"line":20,"column":4}},"3":{"start":{"line":12,"column":64},"end":{"line":20,"column":2}},"4":{"start":{"line":17,"column":4},"end":{"line":17,"column":42}},"5":{"start":{"line":18,"column":4},"end":{"line":18,"column":53}},"6":{"start":{"line":18,"column":21},"end":{"line":18,"column":41}},"7":{"start":{"line":23,"column":51},"end":{"line":23,"column":69}},"8":{"start":{"line":24,"column":2},"end":{"line":24,"column":50}}},"fnMap":{"0":{"name":"(anonymous_0)","decl":{"start":{"line":12,"column":54},"end":{"line":12,"column":55}},"loc":{"start":{"line":12,"column":64},"end":{"line":20,"column":2}}},"1":{"name":"(anonymous_1)","decl":{"start":{"line":16,"column":16},"end":{"line":16,"column":17}},"loc":{"start":{"line":16,"column":66},"end":{"line":19,"column":3}}},"2":{"name":"(anonymous_2)","decl":{"start":{"line":18,"column":15},"end":{"line":18,"column":18}},"loc":{"start":{"line":18,"column":21},"end":{"line":18,"column":41}}},"3":{"name":"useSnackbar","decl":{"start":{"line":22,"column":16},"end":{"line":22,"column":27}},"loc":{"start":{"line":22,"column":27},"end":{"line":25,"column":1}}}},"branchMap":{"0":{"loc":{"start":{"line":16,"column":26},"end":{"line":16,"column":45}},"type":"default-arg","locations":[{"start":{"line":16,"column":36},"end":{"line":16,"column":45}}]},"1":{"loc":{"start":{"line":16,"column":47},"end":{"line":16,"column":62}},"type":"default-arg","locations":[{"start":{"line":16,"column":58},"end":{"line":16,"column":62}}]}},"s":{"0":1,"1":1,"2":1,"3":1,"4":1,"5":1,"6":0,"7":24,"8":24},"f":{"0":1,"1":1,"2":0,"3":24},"b":{"0":[0],"1":[1]}}
,"/Users/iijimatatsusoku/TTHomeAccount/src/lib/utils.ts": {"path":"/Users/iijimatatsusoku/TTHomeAccount/src/lib/utils.ts","statementMap":{"0":{"start":{"line":4,"column":0},"end":{"line":4,"column":16}},"1":{"start":{"line":1,"column":0},"end":{"line":1,"column":45}},"2":{"start":{"line":2,"column":0},"end":{"line":2,"column":41}},"3":{"start":{"line":5,"column":2},"end":{"line":5,"column":31}}},"fnMap":{"0":{"name":"cn","decl":{"start":{"line":4,"column":16},"end":{"line":4,"column":18}},"loc":{"start":{"line":4,"column":42},"end":{"line":6,"column":1}}}},"branchMap":{},"s":{"0":1,"1":1,"2":1,"3":1066},"f":{"0":1066},"b":{}}
,"/Users/iijimatatsusoku/TTHomeAccount/src/store/useScenarioStore.ts": {"path":"/Users/iijimatatsusoku/TTHomeAccount/src/store/useScenarioStore.ts","statementMap":{"0":{"start":{"line":1,"column":0},"end":{"line":1,"column":33}},"1":{"start":{"line":2,"column":0},"end":{"line":2,"column":42}},"2":{"start":{"line":17,"column":13},"end":{"line":131,"column":4}},"3":{"start":{"line":17,"column":69},"end":{"line":131,"column":2}},"4":{"start":{"line":22,"column":29},"end":{"line":37,"column":null}},"5":{"start":{"line":23,"column":4},"end":{"line":23,"column":40}},"6":{"start":{"line":24,"column":4},"end":{"line":36,"column":5}},"7":{"start":{"line":25,"column":30},"end":{"line":29,"column":49}},"8":{"start":{"line":31,"column":6},"end":{"line":31,"column":29}},"9":{"start":{"line":31,"column":17},"end":{"line":31,"column":29}},"10":{"start":{"line":32,"column":6},"end":{"line":32,"column":53}},"11":{"start":{"line":34,"column":6},"end":{"line":34,"column":56}},"12":{"start":{"line":35,"column":6},"end":{"line":35,"column":55}},"13":{"start":{"line":39,"column":37},"end":{"line":61,"column":null}},"14":{"start":{"line":40,"column":4},"end":{"line":40,"column":40}},"15":{"start":{"line":41,"column":4},"end":{"line":60,"column":5}},"16":{"start":{"line":43,"column":33},"end":{"line":43,"column":62}},"17":{"start":{"line":44,"column":6},"end":{"line":46,"column":7}},"18":{"start":{"line":45,"column":8},"end":{"line":45,"column":42}},"19":{"start":{"line":48,"column":24},"end":{"line":53,"column":11}},"20":{"start":{"line":55,"column":6},"end":{"line":55,"column":29}},"21":{"start":{"line":55,"column":17},"end":{"line":55,"column":29}},"22":{"start":{"line":56,"column":6},"end":{"line":56,"column":35}},"23":{"start":{"line":58,"column":6},"end":{"line":58,"column":55}},"24":{"start":{"line":59,"column":6},"end":{"line":59,"column":55}},"25":{"start":{"line":63,"column":40},"end":{"line":77,"column":null}},"26":{"start":{"line":64,"column":4},"end":{"line":64,"column":40}},"27":{"start":{"line":65,"column":4},"end":{"line":76,"column":5}},"28":{"start":{"line":66,"column":24},"end":{"line":69,"column":21}},"29":{"start":{"line":71,"column":6},"end":{"line":71,"column":29}},"30":{"start":{"line":71,"column":17},"end":{"line":71,"column":29}},"31":{"start":{"line":72,"column":6},"end":{"line":72,"column":35}},"32":{"start":{"line":74,"column":6},"end":{"line":74,"column":55}},"33":{"start":{"line":75,"column":6},"end":{"line":75,"column":55}},"34":{"start":{"line":79,"column":31},"end":{"line":93,"column":null}},"35":{"start":{"line":80,"column":4},"end":{"line":80,"column":40}},"36":{"start":{"line":81,"column":4},"end":{"line":92,"column":5}},"37":{"start":{"line":82,"column":24},"end":{"line":85,"column":21}},"38":{"start":{"line":87,"column":6},"end":{"line":87,"column":29}},"39":{"start":{"line":87,"column":17},"end":{"line":87,"column":29}},"40":{"start":{"line":88,"column":6},"end":{"line":88,"column":35}},"41":{"start":{"line":90,"column":6},"end":{"line":90,"column":55}},"42":{"start":{"line":91,"column":6},"end":{"line":91,"column":55}},"43":{"start":{"line":95,"column":35},"end":{"line":125,"column":null}},"44":{"start":{"line":96,"column":4},"end":{"line":96,"column":40}},"45":{"start":{"line":97,"column":4},"end":{"line":124,"column":5}},"46":{"start":{"line":99,"column":33},"end":{"line":99,"column":62}},"47":{"start":{"line":100,"column":6},"end":{"line":102,"column":7}},"48":{"start":{"line":101,"column":8},"end":{"line":101,"column":42}},"49":{"start":{"line":105,"column":36},"end":{"line":108,"column":31}},"50":{"start":{"line":110,"column":6},"end":{"line":110,"column":39}},"51":{"start":{"line":110,"column":22},"end":{"line":110,"column":39}},"52":{"start":{"line":113,"column":24},"end":{"line":117,"column":31}},"53":{"start":{"line":119,"column":6},"end":{"line":119,"column":29}},"54":{"start":{"line":119,"column":17},"end":{"line":119,"column":29}},"55":{"start":{"line":120,"column":6},"end":{"line":120,"column":35}},"56":{"start":{"line":122,"column":6},"end":{"line":122,"column":62}},"57":{"start":{"line":123,"column":6},"end":{"line":123,"column":60}},"58":{"start":{"line":128,"column":26},"end":{"line":128,"column":31}},"59":{"start":{"line":129,"column":4},"end":{"line":129,"column":53}},"60":{"start":{"line":129,"column":31},"end":{"line":129,"column":43}}},"fnMap":{"0":{"name":"(anonymous_7)","decl":{"start":{"line":17,"column":54},"end":{"line":17,"column":55}},"loc":{"start":{"line":17,"column":69},"end":{"line":131,"column":2}}},"1":{"name":"(anonymous_8)","decl":{"start":{"line":22,"column":18},"end":{"line":22,"column":27}},"loc":{"start":{"line":22,"column":29},"end":{"line":37,"column":null}}},"2":{"name":"(anonymous_9)","decl":{"start":{"line":22,"column":29},"end":{"line":22,"column":null}},"loc":{"start":{"line":22,"column":29},"end":{"line":37,"column":3}}},"3":{"name":"(anonymous_10)","decl":{"start":{"line":39,"column":18},"end":{"line":39,"column":25}},"loc":{"start":{"line":39,"column":37},"end":{"line":61,"column":null}}},"4":{"name":"(anonymous_11)","decl":{"start":{"line":39,"column":37},"end":{"line":39,"column":null}},"loc":{"start":{"line":39,"column":37},"end":{"line":61,"column":3}}},"5":{"name":"(anonymous_12)","decl":{"start":{"line":63,"column":18},"end":{"line":63,"column":25}},"loc":{"start":{"line":63,"column":40},"end":{"line":77,"column":null}}},"6":{"name":"(anonymous_13)","decl":{"start":{"line":63,"column":40},"end":{"line":63,"column":null}},"loc":{"start":{"line":63,"column":40},"end":{"line":77,"column":3}}},"7":{"name":"(anonymous_14)","decl":{"start":{"line":79,"column":18},"end":{"line":79,"column":25}},"loc":{"start":{"line":79,"column":31},"end":{"line":93,"column":null}}},"8":{"name":"(anonymous_15)","decl":{"start":{"line":79,"column":31},"end":{"line":79,"column":null}},"loc":{"start":{"line":79,"column":31},"end":{"line":93,"column":3}}},"9":{"name":"(anonymous_16)","decl":{"start":{"line":95,"column":22},"end":{"line":95,"column":29}},"loc":{"start":{"line":95,"column":35},"end":{"line":125,"column":null}}},"10":{"name":"(anonymous_17)","decl":{"start":{"line":95,"column":35},"end":{"line":95,"column":null}},"loc":{"start":{"line":95,"column":35},"end":{"line":125,"column":3}}},"11":{"name":"(anonymous_18)","decl":{"start":{"line":127,"column":22},"end":{"line":127,"column":25}},"loc":{"start":{"line":127,"column":27},"end":{"line":130,"column":3}}},"12":{"name":"(anonymous_19)","decl":{"start":{"line":129,"column":26},"end":{"line":129,"column":27}},"loc":{"start":{"line":129,"column":31},"end":{"line":129,"column":43}}}},"branchMap":{"0":{"loc":{"start":{"line":31,"column":6},"end":{"line":31,"column":29}},"type":"if","locations":[{"start":{"line":31,"column":6},"end":{"line":31,"column":29}},{"start":{},"end":{}}]},"1":{"loc":{"start":{"line":32,"column":23},"end":{"line":32,"column":33}},"type":"binary-expr","locations":[{"start":{"line":32,"column":23},"end":{"line":32,"column":27}},{"start":{"line":32,"column":31},"end":{"line":32,"column":33}}]},"2":{"loc":{"start":{"line":44,"column":6},"end":{"line":46,"column":7}},"type":"if","locations":[{"start":{"line":44,"column":6},"end":{"line":46,"column":7}},{"start":{},"end":{}}]},"3":{"loc":{"start":{"line":55,"column":6},"end":{"line":55,"column":29}},"type":"if","locations":[{"start":{"line":55,"column":6},"end":{"line":55,"column":29}},{"start":{},"end":{}}]},"4":{"loc":{"start":{"line":71,"column":6},"end":{"line":71,"column":29}},"type":"if","locations":[{"start":{"line":71,"column":6},"end":{"line":71,"column":29}},{"start":{},"end":{}}]},"5":{"loc":{"start":{"line":87,"column":6},"end":{"line":87,"column":29}},"type":"if","locations":[{"start":{"line":87,"column":6},"end":{"line":87,"column":29}},{"start":{},"end":{}}]},"6":{"loc":{"start":{"line":100,"column":6},"end":{"line":102,"column":7}},"type":"if","locations":[{"start":{"line":100,"column":6},"end":{"line":102,"column":7}},{"start":{},"end":{}}]},"7":{"loc":{"start":{"line":110,"column":6},"end":{"line":110,"column":39}},"type":"if","locations":[{"start":{"line":110,"column":6},"end":{"line":110,"column":39}},{"start":{},"end":{}}]},"8":{"loc":{"start":{"line":119,"column":6},"end":{"line":119,"column":29}},"type":"if","locations":[{"start":{"line":119,"column":6},"end":{"line":119,"column":29}},{"start":{},"end":{}}]},"9":{"loc":{"start":{"line":129,"column":11},"end":{"line":129,"column":52}},"type":"binary-expr","locations":[{"start":{"line":129,"column":11},"end":{"line":129,"column":44}},{"start":{"line":129,"column":48},"end":{"line":129,"column":52}}]}},"s":{"0":1,"1":1,"2":1,"3":1,"4":1,"5":1,"6":1,"7":1,"8":0,"9":0,"10":0,"11":1,"12":1,"13":0,"14":0,"15":0,"16":0,"17":0,"18":0,"19":0,"20":0,"21":0,"22":0,"23":0,"24":0,"25":0,"26":0,"27":0,"28":0,"29":0,"30":0,"31":0,"32":0,"33":0,"34":0,"35":0,"36":0,"37":0,"38":0,"39":0,"40":0,"41":0,"42":0,"43":0,"44":0,"45":0,"46":0,"47":0,"48":0,"49":0,"50":0,"51":0,"52":0,"53":0,"54":0,"55":0,"56":0,"57":0,"58":0,"59":0,"60":0},"f":{"0":1,"1":1,"2":1,"3":0,"4":0,"5":0,"6":0,"7":0,"8":0,"9":0,"10":0,"11":0,"12":0},"b":{"0":[0,0],"1":[0,0],"2":[0,0],"3":[0,0],"4":[0,0],"5":[0,0],"6":[0,0],"7":[0,0],"8":[0,0],"9":[0,0]}}
,"/Users/iijimatatsusoku/TTHomeAccount/src/store/useTransactionStore.ts": {"path":"/Users/iijimatatsusoku/TTHomeAccount/src/store/useTransactionStore.ts","statementMap":{"0":{"start":{"line":1,"column":0},"end":{"line":1,"column":33}},"1":{"start":{"line":2,"column":0},"end":{"line":2,"column":42}},"2":{"start":{"line":4,"column":0},"end":{"line":4,"column":34}},"3":{"start":{"line":33,"column":13},"end":{"line":648,"column":4}},"4":{"start":{"line":33,"column":75},"end":{"line":648,"column":2}},"5":{"start":{"line":40,"column":32},"end":{"line":55,"column":null}},"6":{"start":{"line":41,"column":4},"end":{"line":41,"column":27}},"7":{"start":{"line":42,"column":4},"end":{"line":54,"column":5}},"8":{"start":{"line":43,"column":30},"end":{"line":46,"column":44}},"9":{"start":{"line":48,"column":6},"end":{"line":48,"column":29}},"10":{"start":{"line":48,"column":17},"end":{"line":48,"column":29}},"11":{"start":{"line":49,"column":6},"end":{"line":49,"column":40}},"12":{"start":{"line":51,"column":6},"end":{"line":51,"column":59}},"13":{"start":{"line":53,"column":6},"end":{"line":53,"column":30}},"14":{"start":{"line":57,"column":27},"end":{"line":69,"column":null}},"15":{"start":{"line":58,"column":4},"end":{"line":68,"column":5}},"16":{"start":{"line":59,"column":30},"end":{"line":62,"column":50}},"17":{"start":{"line":64,"column":6},"end":{"line":64,"column":29}},"18":{"start":{"line":64,"column":17},"end":{"line":64,"column":29}},"19":{"start":{"line":65,"column":6},"end":{"line":65,"column":35}},"20":{"start":{"line":67,"column":6},"end":{"line":67,"column":54}},"21":{"start":{"line":71,"column":36},"end":{"line":90,"column":null}},"22":{"start":{"line":72,"column":4},"end":{"line":89,"column":5}},"23":{"start":{"line":73,"column":30},"end":{"line":76,"column":50}},"24":{"start":{"line":78,"column":6},"end":{"line":78,"column":29}},"25":{"start":{"line":78,"column":17},"end":{"line":78,"column":29}},"26":{"start":{"line":80,"column":20},"end":{"line":85,"column":9}},"27":{"start":{"line":80,"column":64},"end":{"line":84,"column":null}},"28":{"start":{"line":86,"column":6},"end":{"line":86,"column":39}},"29":{"start":{"line":88,"column":6},"end":{"line":88,"column":64}},"30":{"start":{"line":92,"column":37},"end":{"line":111,"column":null}},"31":{"start":{"line":93,"column":4},"end":{"line":110,"column":5}},"32":{"start":{"line":94,"column":30},"end":{"line":97,"column":50}},"33":{"start":{"line":99,"column":6},"end":{"line":99,"column":29}},"34":{"start":{"line":99,"column":17},"end":{"line":99,"column":29}},"35":{"start":{"line":101,"column":20},"end":{"line":106,"column":9}},"36":{"start":{"line":101,"column":65},"end":{"line":105,"column":null}},"37":{"start":{"line":107,"column":6},"end":{"line":107,"column":40}},"38":{"start":{"line":109,"column":6},"end":{"line":109,"column":65}},"39":{"start":{"line":113,"column":40},"end":{"line":139,"column":null}},"40":{"start":{"line":114,"column":4},"end":{"line":138,"column":5}},"41":{"start":{"line":115,"column":29},"end":{"line":115,"column":58}},"42":{"start":{"line":116,"column":6},"end":{"line":116,"column":64}},"43":{"start":{"line":116,"column":22},"end":{"line":116,"column":64}},"44":{"start":{"line":118,"column":30},"end":{"line":129,"column":17}},"45":{"start":{"line":131,"column":6},"end":{"line":131,"column":29}},"46":{"start":{"line":131,"column":17},"end":{"line":131,"column":29}},"47":{"start":{"line":133,"column":34},"end":{"line":133,"column":52}},"48":{"start":{"line":134,"column":6},"end":{"line":134,"column":60}},"49":{"start":{"line":136,"column":6},"end":{"line":136,"column":56}},"50":{"start":{"line":137,"column":6},"end":{"line":137,"column":18}},"51":{"start":{"line":141,"column":74},"end":{"line":177,"column":null}},"52":{"start":{"line":142,"column":4},"end":{"line":176,"column":5}},"53":{"start":{"line":143,"column":29},"end":{"line":143,"column":58}},"54":{"start":{"line":144,"column":6},"end":{"line":144,"column":64}},"55":{"start":{"line":144,"column":22},"end":{"line":144,"column":64}},"56":{"start":{"line":146,"column":30},"end":{"line":157,"column":17}},"57":{"start":{"line":159,"column":6},"end":{"line":159,"column":29}},"58":{"start":{"line":159,"column":17},"end":{"line":159,"column":29}},"59":{"start":{"line":161,"column":29},"end":{"line":161,"column":42}},"60":{"start":{"line":162,"column":28},"end":{"line":163,"column":null}},"61":{"start":{"line":163,"column":13},"end":{"line":163,"column":57}},"62":{"start":{"line":166,"column":6},"end":{"line":172,"column":7}},"63":{"start":{"line":167,"column":27},"end":{"line":167,"column":46}},"64":{"start":{"line":168,"column":8},"end":{"line":168,"column":41}},"65":{"start":{"line":169,"column":8},"end":{"line":169,"column":37}},"66":{"start":{"line":171,"column":8},"end":{"line":171,"column":52}},"67":{"start":{"line":174,"column":6},"end":{"line":174,"column":53}},"68":{"start":{"line":175,"column":6},"end":{"line":175,"column":18}},"69":{"start":{"line":179,"column":39},"end":{"line":213,"column":null}},"70":{"start":{"line":180,"column":4},"end":{"line":212,"column":5}},"71":{"start":{"line":181,"column":29},"end":{"line":181,"column":58}},"72":{"start":{"line":182,"column":6},"end":{"line":182,"column":64}},"73":{"start":{"line":182,"column":22},"end":{"line":182,"column":64}},"74":{"start":{"line":184,"column":30},"end":{"line":195,"column":17}},"75":{"start":{"line":197,"column":6},"end":{"line":197,"column":29}},"76":{"start":{"line":197,"column":17},"end":{"line":197,"column":29}},"77":{"start":{"line":199,"column":29},"end":{"line":199,"column":51}},"78":{"start":{"line":200,"column":6},"end":{"line":208,"column":11}},"79":{"start":{"line":210,"column":6},"end":{"line":210,"column":61}},"80":{"start":{"line":211,"column":6},"end":{"line":211,"column":18}},"81":{"start":{"line":215,"column":54},"end":{"line":261,"column":null}},"82":{"start":{"line":216,"column":4},"end":{"line":260,"column":5}},"83":{"start":{"line":217,"column":6},"end":{"line":217,"column":64}},"84":{"start":{"line":219,"column":21},"end":{"line":221,"column":null}},"85":{"start":{"line":223,"column":6},"end":{"line":225,"column":7}},"86":{"start":{"line":224,"column":8},"end":{"line":224,"column":64}},"87":{"start":{"line":226,"column":29},"end":{"line":230,"column":null}},"88":{"start":{"line":232,"column":30},"end":{"line":237,"column":17}},"89":{"start":{"line":239,"column":6},"end":{"line":242,"column":7}},"90":{"start":{"line":240,"column":8},"end":{"line":240,"column":48}},"91":{"start":{"line":241,"column":8},"end":{"line":241,"column":20}},"92":{"start":{"line":244,"column":29},"end":{"line":244,"column":51}},"93":{"start":{"line":245,"column":29},"end":{"line":253,"column":null}},"94":{"start":{"line":246,"column":8},"end":{"line":253,"column":16}},"95":{"start":{"line":255,"column":6},"end":{"line":255,"column":48}},"96":{"start":{"line":257,"column":6},"end":{"line":257,"column":63}},"97":{"start":{"line":258,"column":6},"end":{"line":258,"column":45}},"98":{"start":{"line":259,"column":6},"end":{"line":259,"column":18}},"99":{"start":{"line":263,"column":46},"end":{"line":279,"column":null}},"100":{"start":{"line":264,"column":4},"end":{"line":278,"column":5}},"101":{"start":{"line":265,"column":24},"end":{"line":268,"column":21}},"102":{"start":{"line":270,"column":6},"end":{"line":270,"column":29}},"103":{"start":{"line":270,"column":17},"end":{"line":270,"column":29}},"104":{"start":{"line":272,"column":29},"end":{"line":272,"column":51}},"105":{"start":{"line":273,"column":30},"end":{"line":273,"column":75}},"106":{"start":{"line":273,"column":60},"end":{"line":273,"column":74}},"107":{"start":{"line":274,"column":6},"end":{"line":274,"column":49}},"108":{"start":{"line":276,"column":6},"end":{"line":276,"column":63}},"109":{"start":{"line":277,"column":6},"end":{"line":277,"column":18}},"110":{"start":{"line":281,"column":41},"end":{"line":314,"column":null}},"111":{"start":{"line":282,"column":4},"end":{"line":313,"column":5}},"112":{"start":{"line":283,"column":29},"end":{"line":283,"column":58}},"113":{"start":{"line":284,"column":6},"end":{"line":284,"column":64}},"114":{"start":{"line":284,"column":22},"end":{"line":284,"column":64}},"115":{"start":{"line":286,"column":30},"end":{"line":297,"column":17}},"116":{"start":{"line":299,"column":6},"end":{"line":299,"column":29}},"117":{"start":{"line":299,"column":17},"end":{"line":299,"column":29}},"118":{"start":{"line":301,"column":6},"end":{"line":309,"column":11}},"119":{"start":{"line":311,"column":6},"end":{"line":311,"column":62}},"120":{"start":{"line":312,"column":6},"end":{"line":312,"column":18}},"121":{"start":{"line":316,"column":56},"end":{"line":360,"column":null}},"122":{"start":{"line":317,"column":4},"end":{"line":359,"column":5}},"123":{"start":{"line":318,"column":6},"end":{"line":318,"column":66}},"124":{"start":{"line":320,"column":21},"end":{"line":322,"column":null}},"125":{"start":{"line":324,"column":6},"end":{"line":326,"column":7}},"126":{"start":{"line":325,"column":8},"end":{"line":325,"column":65}},"127":{"start":{"line":327,"column":29},"end":{"line":331,"column":null}},"128":{"start":{"line":333,"column":30},"end":{"line":338,"column":17}},"129":{"start":{"line":340,"column":6},"end":{"line":343,"column":7}},"130":{"start":{"line":341,"column":8},"end":{"line":341,"column":48}},"131":{"start":{"line":342,"column":8},"end":{"line":342,"column":20}},"132":{"start":{"line":345,"column":6},"end":{"line":354,"column":11}},"133":{"start":{"line":346,"column":8},"end":{"line":353,"column":16}},"134":{"start":{"line":356,"column":6},"end":{"line":356,"column":64}},"135":{"start":{"line":357,"column":6},"end":{"line":357,"column":45}},"136":{"start":{"line":358,"column":6},"end":{"line":358,"column":18}},"137":{"start":{"line":362,"column":47},"end":{"line":378,"column":null}},"138":{"start":{"line":363,"column":4},"end":{"line":377,"column":5}},"139":{"start":{"line":364,"column":24},"end":{"line":367,"column":21}},"140":{"start":{"line":369,"column":6},"end":{"line":369,"column":29}},"141":{"start":{"line":369,"column":17},"end":{"line":369,"column":29}},"142":{"start":{"line":371,"column":30},"end":{"line":371,"column":53}},"143":{"start":{"line":372,"column":31},"end":{"line":372,"column":77}},"144":{"start":{"line":372,"column":62},"end":{"line":372,"column":76}},"145":{"start":{"line":373,"column":6},"end":{"line":373,"column":51}},"146":{"start":{"line":375,"column":6},"end":{"line":375,"column":64}},"147":{"start":{"line":376,"column":6},"end":{"line":376,"column":18}},"148":{"start":{"line":380,"column":43},"end":{"line":426,"column":null}},"149":{"start":{"line":381,"column":4},"end":{"line":425,"column":5}},"150":{"start":{"line":382,"column":6},"end":{"line":382,"column":92}},"151":{"start":{"line":383,"column":6},"end":{"line":383,"column":57}},"152":{"start":{"line":384,"column":6},"end":{"line":384,"column":65}},"153":{"start":{"line":386,"column":25},"end":{"line":394,"column":8}},"154":{"start":{"line":395,"column":6},"end":{"line":395,"column":56}},"155":{"start":{"line":396,"column":6},"end":{"line":396,"column":63}},"156":{"start":{"line":397,"column":6},"end":{"line":397,"column":71}},"157":{"start":{"line":399,"column":30},"end":{"line":404,"column":17}},"158":{"start":{"line":406,"column":6},"end":{"line":412,"column":7}},"159":{"start":{"line":407,"column":8},"end":{"line":407,"column":55}},"160":{"start":{"line":408,"column":8},"end":{"line":408,"column":49}},"161":{"start":{"line":409,"column":8},"end":{"line":409,"column":55}},"162":{"start":{"line":410,"column":8},"end":{"line":410,"column":55}},"163":{"start":{"line":411,"column":8},"end":{"line":411,"column":20}},"164":{"start":{"line":414,"column":6},"end":{"line":414,"column":46}},"165":{"start":{"line":416,"column":34},"end":{"line":416,"column":52}},"166":{"start":{"line":417,"column":34},"end":{"line":418,"column":null}},"167":{"start":{"line":418,"column":8},"end":{"line":418,"column":42}},"168":{"start":{"line":420,"column":6},"end":{"line":420,"column":49}},"169":{"start":{"line":422,"column":6},"end":{"line":422,"column":58}},"170":{"start":{"line":423,"column":6},"end":{"line":423,"column":45}},"171":{"start":{"line":424,"column":6},"end":{"line":424,"column":18}},"172":{"start":{"line":428,"column":34},"end":{"line":444,"column":null}},"173":{"start":{"line":429,"column":4},"end":{"line":443,"column":5}},"174":{"start":{"line":430,"column":24},"end":{"line":433,"column":21}},"175":{"start":{"line":435,"column":6},"end":{"line":435,"column":29}},"176":{"start":{"line":435,"column":17},"end":{"line":435,"column":29}},"177":{"start":{"line":437,"column":34},"end":{"line":437,"column":52}},"178":{"start":{"line":438,"column":35},"end":{"line":438,"column":79}},"179":{"start":{"line":438,"column":67},"end":{"line":438,"column":78}},"180":{"start":{"line":439,"column":6},"end":{"line":439,"column":50}},"181":{"start":{"line":441,"column":6},"end":{"line":441,"column":58}},"182":{"start":{"line":442,"column":6},"end":{"line":442,"column":18}},"183":{"start":{"line":446,"column":122},"end":{"line":491,"column":null}},"184":{"start":{"line":447,"column":74},"end":{"line":447,"column":79}},"185":{"start":{"line":448,"column":4},"end":{"line":448,"column":35}},"186":{"start":{"line":449,"column":4},"end":{"line":449,"column":30}},"187":{"start":{"line":450,"column":18},"end":{"line":450,"column":37}},"188":{"start":{"line":451,"column":16},"end":{"line":451,"column":33}},"189":{"start":{"line":452,"column":28},"end":{"line":452,"column":57}},"190":{"start":{"line":453,"column":4},"end":{"line":490,"column":5}},"191":{"start":{"line":454,"column":6},"end":{"line":454,"column":35}},"192":{"start":{"line":454,"column":26},"end":{"line":454,"column":35}},"193":{"start":{"line":455,"column":16},"end":{"line":455,"column":31}},"194":{"start":{"line":456,"column":6},"end":{"line":489,"column":7}},"195":{"start":{"line":457,"column":22},"end":{"line":457,"column":38}},"196":{"start":{"line":458,"column":21},"end":{"line":458,"column":36}},"197":{"start":{"line":459,"column":45},"end":{"line":459,"column":54}},"198":{"start":{"line":460,"column":8},"end":{"line":463,"column":9}},"199":{"start":{"line":461,"column":27},"end":{"line":461,"column":76}},"200":{"start":{"line":461,"column":58},"end":{"line":461,"column":75}},"201":{"start":{"line":462,"column":10},"end":{"line":462,"column":50}},"202":{"start":{"line":462,"column":24},"end":{"line":462,"column":50}},"203":{"start":{"line":464,"column":8},"end":{"line":486,"column":9}},"204":{"start":{"line":465,"column":30},"end":{"line":465,"column":67}},"205":{"start":{"line":466,"column":10},"end":{"line":485,"column":11}},"206":{"start":{"line":467,"column":35},"end":{"line":467,"column":68}},"207":{"start":{"line":468,"column":27},"end":{"line":472,"column":null}},"208":{"start":{"line":469,"column":14},"end":{"line":472,"column":34}},"209":{"start":{"line":474,"column":12},"end":{"line":484,"column":13}},"210":{"start":{"line":475,"column":14},"end":{"line":483,"column":17}},"211":{"start":{"line":487,"column":8},"end":{"line":487,"column":37}},"212":{"start":{"line":488,"column":8},"end":{"line":488,"column":21}},"213":{"start":{"line":493,"column":121},"end":{"line":538,"column":null}},"214":{"start":{"line":494,"column":73},"end":{"line":494,"column":78}},"215":{"start":{"line":495,"column":4},"end":{"line":495,"column":34}},"216":{"start":{"line":496,"column":4},"end":{"line":496,"column":30}},"217":{"start":{"line":497,"column":18},"end":{"line":497,"column":37}},"218":{"start":{"line":498,"column":16},"end":{"line":498,"column":33}},"219":{"start":{"line":499,"column":27},"end":{"line":499,"column":55}},"220":{"start":{"line":500,"column":4},"end":{"line":537,"column":5}},"221":{"start":{"line":501,"column":6},"end":{"line":501,"column":35}},"222":{"start":{"line":501,"column":26},"end":{"line":501,"column":35}},"223":{"start":{"line":502,"column":16},"end":{"line":502,"column":31}},"224":{"start":{"line":503,"column":6},"end":{"line":536,"column":7}},"225":{"start":{"line":504,"column":22},"end":{"line":504,"column":38}},"226":{"start":{"line":505,"column":21},"end":{"line":505,"column":36}},"227":{"start":{"line":506,"column":45},"end":{"line":506,"column":54}},"228":{"start":{"line":507,"column":8},"end":{"line":510,"column":9}},"229":{"start":{"line":508,"column":27},"end":{"line":508,"column":76}},"230":{"start":{"line":508,"column":58},"end":{"line":508,"column":75}},"231":{"start":{"line":509,"column":10},"end":{"line":509,"column":50}},"232":{"start":{"line":509,"column":24},"end":{"line":509,"column":50}},"233":{"start":{"line":511,"column":8},"end":{"line":533,"column":9}},"234":{"start":{"line":512,"column":30},"end":{"line":512,"column":67}},"235":{"start":{"line":513,"column":10},"end":{"line":532,"column":11}},"236":{"start":{"line":514,"column":35},"end":{"line":514,"column":68}},"237":{"start":{"line":515,"column":27},"end":{"line":519,"column":null}},"238":{"start":{"line":516,"column":14},"end":{"line":519,"column":33}},"239":{"start":{"line":521,"column":12},"end":{"line":531,"column":13}},"240":{"start":{"line":522,"column":14},"end":{"line":530,"column":17}},"241":{"start":{"line":534,"column":8},"end":{"line":534,"column":37}},"242":{"start":{"line":535,"column":8},"end":{"line":535,"column":21}},"243":{"start":{"line":540,"column":46},"end":{"line":557,"column":null}},"244":{"start":{"line":541,"column":4},"end":{"line":556,"column":5}},"245":{"start":{"line":542,"column":24},"end":{"line":545,"column":22}},"246":{"start":{"line":547,"column":6},"end":{"line":547,"column":29}},"247":{"start":{"line":547,"column":17},"end":{"line":547,"column":29}},"248":{"start":{"line":549,"column":34},"end":{"line":549,"column":52}},"249":{"start":{"line":550,"column":6},"end":{"line":552,"column":9}},"250":{"start":{"line":551,"column":54},"end":{"line":551,"column":73}},"251":{"start":{"line":554,"column":6},"end":{"line":554,"column":59}},"252":{"start":{"line":555,"column":6},"end":{"line":555,"column":18}},"253":{"start":{"line":559,"column":144},"end":{"line":602,"column":null}},"254":{"start":{"line":560,"column":73},"end":{"line":560,"column":78}},"255":{"start":{"line":561,"column":4},"end":{"line":561,"column":34}},"256":{"start":{"line":562,"column":4},"end":{"line":562,"column":30}},"257":{"start":{"line":563,"column":18},"end":{"line":563,"column":37}},"258":{"start":{"line":564,"column":16},"end":{"line":564,"column":33}},"259":{"start":{"line":565,"column":16},"end":{"line":565,"column":75}},"260":{"start":{"line":565,"column":57},"end":{"line":565,"column":74}},"261":{"start":{"line":566,"column":4},"end":{"line":566,"column":39}},"262":{"start":{"line":566,"column":32},"end":{"line":566,"column":39}},"263":{"start":{"line":567,"column":14},"end":{"line":567,"column":29}},"264":{"start":{"line":568,"column":4},"end":{"line":601,"column":5}},"265":{"start":{"line":569,"column":20},"end":{"line":569,"column":36}},"266":{"start":{"line":570,"column":19},"end":{"line":570,"column":34}},"267":{"start":{"line":571,"column":43},"end":{"line":571,"column":52}},"268":{"start":{"line":572,"column":6},"end":{"line":575,"column":7}},"269":{"start":{"line":573,"column":25},"end":{"line":573,"column":74}},"270":{"start":{"line":573,"column":56},"end":{"line":573,"column":73}},"271":{"start":{"line":574,"column":8},"end":{"line":574,"column":48}},"272":{"start":{"line":574,"column":22},"end":{"line":574,"column":48}},"273":{"start":{"line":576,"column":6},"end":{"line":598,"column":7}},"274":{"start":{"line":577,"column":28},"end":{"line":577,"column":65}},"275":{"start":{"line":578,"column":8},"end":{"line":597,"column":9}},"276":{"start":{"line":579,"column":33},"end":{"line":579,"column":66}},"277":{"start":{"line":580,"column":25},"end":{"line":584,"column":null}},"278":{"start":{"line":581,"column":12},"end":{"line":584,"column":31}},"279":{"start":{"line":586,"column":10},"end":{"line":596,"column":11}},"280":{"start":{"line":587,"column":12},"end":{"line":595,"column":15}},"281":{"start":{"line":599,"column":6},"end":{"line":599,"column":35}},"282":{"start":{"line":600,"column":6},"end":{"line":600,"column":19}},"283":{"start":{"line":604,"column":146},"end":{"line":647,"column":null}},"284":{"start":{"line":605,"column":74},"end":{"line":605,"column":79}},"285":{"start":{"line":606,"column":4},"end":{"line":606,"column":35}},"286":{"start":{"line":607,"column":4},"end":{"line":607,"column":30}},"287":{"start":{"line":608,"column":18},"end":{"line":608,"column":37}},"288":{"start":{"line":609,"column":16},"end":{"line":609,"column":33}},"289":{"start":{"line":610,"column":16},"end":{"line":610,"column":77}},"290":{"start":{"line":610,"column":58},"end":{"line":610,"column":76}},"291":{"start":{"line":611,"column":4},"end":{"line":611,"column":39}},"292":{"start":{"line":611,"column":32},"end":{"line":611,"column":39}},"293":{"start":{"line":612,"column":14},"end":{"line":612,"column":29}},"294":{"start":{"line":613,"column":4},"end":{"line":646,"column":5}},"295":{"start":{"line":614,"column":20},"end":{"line":614,"column":36}},"296":{"start":{"line":615,"column":19},"end":{"line":615,"column":34}},"297":{"start":{"line":616,"column":43},"end":{"line":616,"column":52}},"298":{"start":{"line":617,"column":6},"end":{"line":620,"column":7}},"299":{"start":{"line":618,"column":25},"end":{"line":618,"column":74}},"300":{"start":{"line":618,"column":56},"end":{"line":618,"column":73}},"301":{"start":{"line":619,"column":8},"end":{"line":619,"column":48}},"302":{"start":{"line":619,"column":22},"end":{"line":619,"column":48}},"303":{"start":{"line":621,"column":6},"end":{"line":643,"column":7}},"304":{"start":{"line":622,"column":28},"end":{"line":622,"column":65}},"305":{"start":{"line":623,"column":8},"end":{"line":642,"column":9}},"306":{"start":{"line":624,"column":33},"end":{"line":624,"column":66}},"307":{"start":{"line":625,"column":25},"end":{"line":629,"column":null}},"308":{"start":{"line":626,"column":12},"end":{"line":629,"column":32}},"309":{"start":{"line":631,"column":10},"end":{"line":641,"column":11}},"310":{"start":{"line":632,"column":12},"end":{"line":640,"column":15}},"311":{"start":{"line":644,"column":6},"end":{"line":644,"column":35}},"312":{"start":{"line":645,"column":6},"end":{"line":645,"column":19}}},"fnMap":{"0":{"name":"(anonymous_7)","decl":{"start":{"line":33,"column":60},"end":{"line":33,"column":61}},"loc":{"start":{"line":33,"column":75},"end":{"line":648,"column":2}}},"1":{"name":"(anonymous_8)","decl":{"start":{"line":40,"column":21},"end":{"line":40,"column":30}},"loc":{"start":{"line":40,"column":32},"end":{"line":55,"column":null}}},"2":{"name":"(anonymous_9)","decl":{"start":{"line":40,"column":32},"end":{"line":40,"column":null}},"loc":{"start":{"line":40,"column":32},"end":{"line":55,"column":3}}},"3":{"name":"(anonymous_10)","decl":{"start":{"line":57,"column":16},"end":{"line":57,"column":25}},"loc":{"start":{"line":57,"column":27},"end":{"line":69,"column":null}}},"4":{"name":"(anonymous_11)","decl":{"start":{"line":57,"column":27},"end":{"line":57,"column":null}},"loc":{"start":{"line":57,"column":27},"end":{"line":69,"column":3}}},"5":{"name":"(anonymous_12)","decl":{"start":{"line":71,"column":25},"end":{"line":71,"column":34}},"loc":{"start":{"line":71,"column":36},"end":{"line":90,"column":null}}},"6":{"name":"(anonymous_13)","decl":{"start":{"line":71,"column":36},"end":{"line":
[...]
umn":52}},"type":"binary-expr","locations":[{"start":{"line":293,"column":25},"end":{"line":293,"column":44}},{"start":{"line":293,"column":48},"end":{"line":293,"column":52}}]},"35":{"loc":{"start":{"line":299,"column":6},"end":{"line":299,"column":29}},"type":"if","locations":[{"start":{"line":299,"column":6},"end":{"line":299,"column":29}},{"start":{},"end":{}}]},"36":{"loc":{"start":{"line":304,"column":28},"end":{"line":306,"column":41}},"type":"cond-expr","locations":[{"start":{"line":305,"column":14},"end":{"line":305,"column":47}},{"start":{"line":306,"column":14},"end":{"line":306,"column":41}}]},"37":{"loc":{"start":{"line":306,"column":14},"end":{"line":306,"column":41}},"type":"binary-expr","locations":[{"start":{"line":306,"column":14},"end":{"line":306,"column":35}},{"start":{"line":306,"column":39},"end":{"line":306,"column":41}}]},"38":{"loc":{"start":{"line":324,"column":6},"end":{"line":326,"column":7}},"type":"if","locations":[{"start":{"line":324,"column":6},"end":{"line":326,"column":7}},{"start":{},"end":{}}]},"39":{"loc":{"start":{"line":325,"column":32},"end":{"line":325,"column":64}},"type":"binary-expr","locations":[{"start":{"line":325,"column":32},"end":{"line":325,"column":51}},{"start":{"line":325,"column":55},"end":{"line":325,"column":64}}]},"40":{"loc":{"start":{"line":329,"column":26},"end":{"line":331,"column":21}},"type":"cond-expr","locations":[{"start":{"line":330,"column":12},"end":{"line":330,"column":54}},{"start":{"line":331,"column":12},"end":{"line":331,"column":21}}]},"41":{"loc":{"start":{"line":340,"column":6},"end":{"line":343,"column":7}},"type":"if","locations":[{"start":{"line":340,"column":6},"end":{"line":343,"column":7}},{"start":{},"end":{}}]},"42":{"loc":{"start":{"line":346,"column":8},"end":{"line":353,"column":16}},"type":"cond-expr","locations":[{"start":{"line":347,"column":11},"end":{"line":351,"column":null}},{"start":{"line":353,"column":12},"end":{"line":353,"column":16}}]},"43":{"loc":{"start":{"line":349,"column":32},"end":{"line":351,"column":45}},"type":"cond-expr","locations":[{"start":{"line":350,"column":18},"end":{"line":350,"column":51}},{"start":{"line":351,"column":18},"end":{"line":351,"column":45}}]},"44":{"loc":{"start":{"line":351,"column":18},"end":{"line":351,"column":45}},"type":"binary-expr","locations":[{"start":{"line":351,"column":18},"end":{"line":351,"column":39}},{"start":{"line":351,"column":43},"end":{"line":351,"column":45}}]},"45":{"loc":{"start":{"line":369,"column":6},"end":{"line":369,"column":29}},"type":"if","locations":[{"start":{"line":369,"column":6},"end":{"line":369,"column":29}},{"start":{},"end":{}}]},"46":{"loc":{"start":{"line":392,"column":24},"end":{"line":392,"column":58}},"type":"binary-expr","locations":[{"start":{"line":392,"column":24},"end":{"line":392,"column":50}},{"start":{"line":392,"column":54},"end":{"line":392,"column":58}}]},"47":{"loc":{"start":{"line":393,"column":16},"end":{"line":393,"column":43}},"type":"cond-expr","locations":[{"start":{"line":393,"column":34},"end":{"line":393,"column":38}},{"start":{"line":393,"column":38},"end":{"line":393,"column":43}}]},"48":{"loc":{"start":{"line":393,"column":16},"end":{"line":393,"column":38}},"type":"binary-expr","locations":[{"start":{"line":393,"column":16},"end":{"line":393,"column":38}},{"start":{"line":393,"column":34},"end":{"line":393,"column":38}}]},"49":{"loc":{"start":{"line":406,"column":6},"end":{"line":412,"column":7}},"type":"if","locations":[{"start":{"line":406,"column":6},"end":{"line":412,"column":7}},{"start":{},"end":{}}]},"50":{"loc":{"start":{"line":418,"column":8},"end":{"line":418,"column":42}},"type":"cond-expr","locations":[{"start":{"line":418,"column":34},"end":{"line":418,"column":38}},{"start":{"line":418,"column":41},"end":{"line":418,"column":42}}]},"51":{"loc":{"start":{"line":435,"column":6},"end":{"line":435,"column":29}},"type":"if","locations":[{"start":{"line":435,"column":6},"end":{"line":435,"column":29}},{"start":{},"end":{}}]},"52":{"loc":{"start":{"line":452,"column":28},"end":{"line":452,"column":57}},"type":"binary-expr","locations":[{"start":{"line":452,"column":28},"end":{"line":452,"column":51}},{"start":{"line":452,"column":55},"end":{"line":452,"column":57}}]},"53":{"loc":{"start":{"line":454,"column":6},"end":{"line":454,"column":35}},"type":"if","locations":[{"start":{"line":454,"column":6},"end":{"line":454,"column":35}},{"start":{},"end":{}}]},"54":{"loc":{"start":{"line":460,"column":8},"end":{"line":463,"column":9}},"type":"if","locations":[{"start":{"line":460,"column":8},"end":{"line":463,"column":9}},{"start":{},"end":{}}]},"55":{"loc":{"start":{"line":462,"column":10},"end":{"line":462,"column":50}},"type":"if","locations":[{"start":{"line":462,"column":10},"end":{"line":462,"column":50}},{"start":{},"end":{}}]},"56":{"loc":{"start":{"line":464,"column":8},"end":{"line":486,"column":9}},"type":"if","locations":[{"start":{"line":464,"column":8},"end":{"line":486,"column":9}},{"start":{},"end":{}}]},"57":{"loc":{"start":{"line":466,"column":10},"end":{"line":485,"column":11}},"type":"if","locations":[{"start":{"line":466,"column":10},"end":{"line":485,"column":11}},{"start":{},"end":{}}]},"58":{"loc":{"start":{"line":466,"column":14},"end":{"line":466,"column":56}},"type":"binary-expr","locations":[{"start":{"line":466,"column":14},"end":{"line":466,"column":34}},{"start":{"line":466,"column":38},"end":{"line":466,"column":56}}]},"59":{"loc":{"start":{"line":468,"column":28},"end":{"line":468,"column":52}},"type":"binary-expr","locations":[{"start":{"line":468,"column":28},"end":{"line":468,"column":46}},{"start":{"line":468,"column":50},"end":{"line":468,"column":52}}]},"60":{"loc":{"start":{"line":469,"column":14},"end":{"line":472,"column":34}},"type":"binary-expr","locations":[{"start":{"line":469,"column":14},"end":{"line":469,"column":39}},{"start":{"line":470,"column":14},"end":{"line":470,"column":37}},{"start":{"line":471,"column":14},"end":{"line":471,"column":41}},{"start":{"line":472,"column":14},"end":{"line":472,"column":34}}]},"61":{"loc":{"start":{"line":474,"column":12},"end":{"line":484,"column":13}},"type":"if","locations":[{"start":{"line":474,"column":12},"end":{"line":484,"column":13}},{"start":{},"end":{}}]},"62":{"loc":{"start":{"line":482,"column":29},"end":{"line":482,"column":53}},"type":"cond-expr","locations":[{"start":{"line":482,"column":29},"end":{"line":482,"column":40}},{"start":{"line":482,"column":44},"end":{"line":482,"column":53}}]},"63":{"loc":{"start":{"line":482,"column":29},"end":{"line":482,"column":44}},"type":"binary-expr","locations":[{"start":{"line":482,"column":29},"end":{"line":482,"column":44}},{"start":{"line":482,"column":29},"end":{"line":482,"column":44}}]},"64":{"loc":{"start":{"line":499,"column":27},"end":{"line":499,"column":55}},"type":"binary-expr","locations":[{"start":{"line":499,"column":27},"end":{"line":499,"column":49}},{"start":{"line":499,"column":53},"end":{"line":499,"column":55}}]},"65":{"loc":{"start":{"line":501,"column":6},"end":{"line":501,"column":35}},"type":"if","locations":[{"start":{"line":501,"column":6},"end":{"line":501,"column":35}},{"start":{},"end":{}}]},"66":{"loc":{"start":{"line":507,"column":8},"end":{"line":510,"column":9}},"type":"if","locations":[{"start":{"line":507,"column":8},"end":{"line":510,"column":9}},{"start":{},"end":{}}]},"67":{"loc":{"start":{"line":509,"column":10},"end":{"line":509,"column":50}},"type":"if","locations":[{"start":{"line":509,"column":10},"end":{"line":509,"column":50}},{"start":{},"end":{}}]},"68":{"loc":{"start":{"line":511,"column":8},"end":{"line":533,"column":9}},"type":"if","locations":[{"start":{"line":511,"column":8},"end":{"line":533,"column":9}},{"start":{},"end":{}}]},"69":{"loc":{"start":{"line":513,"column":10},"end":{"line":532,"column":11}},"type":"if","locations":[{"start":{"line":513,"column":10},"end":{"line":532,"column":11}},{"start":{},"end":{}}]},"70":{"loc":{"start":{"line":513,"column":14},"end":{"line":513,"column":56}},"type":"binary-expr","locations":[{"start":{"line":513,"column":14},"end":{"line":513,"column":34}},{"start":{"line":513,"column":38},"end":{"line":513,"column":56}}]},"71":{"loc":{"start":{"line":515,"column":28},"end":{"line":515,"column":52}},"type":"binary-expr","locations":[{"start":{"line":515,"column":28},"end":{"line":515,"column":46}},{"start":{"line":515,"column":50},"end":{"line":515,"column":52}}]},"72":{"loc":{"start":{"line":516,"column":14},"end":{"line":519,"column":33}},"type":"binary-expr","locations":[{"start":{"line":516,"column":14},"end":{"line":516,"column":39}},{"start":{"line":517,"column":14},"end":{"line":517,"column":37}},{"start":{"line":518,"column":14},"end":{"line":518,"column":41}},{"start":{"line":519,"column":14},"end":{"line":519,"column":33}}]},"73":{"loc":{"start":{"line":521,"column":12},"end":{"line":531,"column":13}},"type":"if","locations":[{"start":{"line":521,"column":12},"end":{"line":531,"column":13}},{"start":{},"end":{}}]},"74":{"loc":{"start":{"line":529,"column":29},"end":{"line":529,"column":53}},"type":"cond-expr","locations":[{"start":{"line":529,"column":29},"end":{"line":529,"column":40}},{"start":{"line":529,"column":44},"end":{"line":529,"column":53}}]},"75":{"loc":{"start":{"line":529,"column":29},"end":{"line":529,"column":44}},"type":"binary-expr","locations":[{"start":{"line":529,"column":29},"end":{"line":529,"column":44}},{"start":{"line":529,"column":29},"end":{"line":529,"column":44}}]},"76":{"loc":{"start":{"line":547,"column":6},"end":{"line":547,"column":29}},"type":"if","locations":[{"start":{"line":547,"column":6},"end":{"line":547,"column":29}},{"start":{},"end":{}}]},"77":{"loc":{"start":{"line":565,"column":17},"end":{"line":565,"column":45}},"type":"binary-expr","locations":[{"start":{"line":565,"column":17},"end":{"line":565,"column":39}},{"start":{"line":565,"column":43},"end":{"line":565,"column":45}}]},"78":{"loc":{"start":{"line":566,"column":4},"end":{"line":566,"column":39}},"type":"if","locations":[{"start":{"line":566,"column":4},"end":{"line":566,"column":39}},{"start":{},"end":{}}]},"79":{"loc":{"start":{"line":566,"column":8},"end":{"line":566,"column":30}},"type":"binary-expr","locations":[{"start":{"line":566,"column":8},"end":{"line":566,"column":12}},{"start":{"line":566,"column":16},"end":{"line":566,"column":30}}]},"80":{"loc":{"start":{"line":572,"column":6},"end":{"line":575,"column":7}},"type":"if","locations":[{"start":{"line":572,"column":6},"end":{"line":575,"column":7}},{"start":{},"end":{}}]},"81":{"loc":{"start":{"line":574,"column":8},"end":{"line":574,"column":48}},"type":"if","locations":[{"start":{"line":574,"column":8},"end":{"line":574,"column":48}},{"start":{},"end":{}}]},"82":{"loc":{"start":{"line":576,"column":6},"end":{"line":598,"column":7}},"type":"if","locations":[{"start":{"line":576,"column":6},"end":{"line":598,"column":7}},{"start":{},"end":{}}]},"83":{"loc":{"start":{"line":578,"column":8},"end":{"line":597,"column":9}},"type":"if","locations":[{"start":{"line":578,"column":8},"end":{"line":597,"column":9}},{"start":{},"end":{}}]},"84":{"loc":{"start":{"line":578,"column":12},"end":{"line":578,"column":54}},"type":"binary-expr","locations":[{"start":{"line":578,"column":12},"end":{"line":578,"column":32}},{"start":{"line":578,"column":36},"end":{"line":578,"column":54}}]},"85":{"loc":{"start":{"line":580,"column":26},"end":{"line":580,"column":50}},"type":"binary-expr","locations":[{"start":{"line":580,"column":26},"end":{"line":580,"column":44}},{"start":{"line":580,"column":48},"end":{"line":580,"column":50}}]},"86":{"loc":{"start":{"line":581,"column":12},"end":{"line":584,"column":31}},"type":"binary-expr","locations":[{"start":{"line":581,"column":12},"end":{"line":581,"column":37}},{"start":{"line":582,"column":12},"end":{"line":582,"column":35}},{"start":{"line":583,"column":12},"end":{"line":583,"column":39}},{"start":{"line":584,"column":12},"end":{"line":584,"column":31}}]},"87":{"loc":{"start":{"line":586,"column":10},"end":{"line":596,"column":11}},"type":"if","locations":[{"start":{"line":586,"column":10},"end":{"line":596,"column":11}},{"start":{},"end":{}}]},"88":{"loc":{"start":{"line":594,"column":27},"end":{"line":594,"column":51}},"type":"cond-expr","locations":[{"start":{"line":594,"column":27},"end":{"line":594,"column":38}},{"start":{"line":594,"column":42},"end":{"line":594,"column":51}}]},"89":{"loc":{"start":{"line":594,"column":27},"end":{"line":594,"column":42}},"type":"binary-expr","locations":[{"start":{"line":594,"column":27},"end":{"line":594,"column":42}},{"start":{"line":594,"column":27},"end":{"line":594,"column":42}}]},"90":{"loc":{"start":{"line":610,"column":17},"end":{"line":610,"column":46}},"type":"binary-expr","locations":[{"start":{"line":610,"column":17},"end":{"line":610,"column":40}},{"start":{"line":610,"column":44},"end":{"line":610,"column":46}}]},"91":{"loc":{"start":{"line":611,"column":4},"end":{"line":611,"column":39}},"type":"if","locations":[{"start":{"line":611,"column":4},"end":{"line":611,"column":39}},{"start":{},"end":{}}]},"92":{"loc":{"start":{"line":611,"column":8},"end":{"line":611,"column":30}},"type":"binary-expr","locations":[{"start":{"line":611,"column":8},"end":{"line":611,"column":12}},{"start":{"line":611,"column":16},"end":{"line":611,"column":30}}]},"93":{"loc":{"start":{"line":617,"column":6},"end":{"line":620,"column":7}},"type":"if","locations":[{"start":{"line":617,"column":6},"end":{"line":620,"column":7}},{"start":{},"end":{}}]},"94":{"loc":{"start":{"line":619,"column":8},"end":{"line":619,"column":48}},"type":"if","locations":[{"start":{"line":619,"column":8},"end":{"line":619,"column":48}},{"start":{},"end":{}}]},"95":{"loc":{"start":{"line":621,"column":6},"end":{"line":643,"column":7}},"type":"if","locations":[{"start":{"line":621,"column":6},"end":{"line":643,"column":7}},{"start":{},"end":{}}]},"96":{"loc":{"start":{"line":623,"column":8},"end":{"line":642,"column":9}},"type":"if","locations":[{"start":{"line":623,"column":8},"end":{"line":642,"column":9}},{"start":{},"end":{}}]},"97":{"loc":{"start":{"line":623,"column":12},"end":{"line":623,"column":54}},"type":"binary-expr","locations":[{"start":{"line":623,"column":12},"end":{"line":623,"column":32}},{"start":{"line":623,"column":36},"end":{"line":623,"column":54}}]},"98":{"loc":{"start":{"line":625,"column":26},"end":{"line":625,"column":50}},"type":"binary-expr","locations":[{"start":{"line":625,"column":26},"end":{"line":625,"column":44}},{"start":{"line":625,"column":48},"end":{"line":625,"column":50}}]},"99":{"loc":{"start":{"line":626,"column":12},"end":{"line":629,"column":32}},"type":"binary-expr","locations":[{"start":{"line":626,"column":12},"end":{"line":626,"column":37}},{"start":{"line":627,"column":12},"end":{"line":627,"column":35}},{"start":{"line":628,"column":12},"end":{"line":628,"column":39}},{"start":{"line":629,"column":12},"end":{"line":629,"column":32}}]},"100":{"loc":{"start":{"line":631,"column":10},"end":{"line":641,"column":11}},"type":"if","locations":[{"start":{"line":631,"column":10},"end":{"line":641,"column":11}},{"start":{},"end":{}}]},"101":{"loc":{"start":{"line":639,"column":27},"end":{"line":639,"column":51}},"type":"cond-expr","locations":[{"start":{"line":639,"column":27},"end":{"line":639,"column":38}},{"start":{"line":639,"column":42},"end":{"line":639,"column":51}}]},"102":{"loc":{"start":{"line":639,"column":27},"end":{"line":639,"column":42}},"type":"binary-expr","locations":[{"start":{"line":639,"column":27},"end":{"line":639,"column":42}},{"start":{"line":639,"column":27},"end":{"line":639,"column":42}}]}},"s":{"0":1,"1":1,"2":1,"3":1,"4":1,"5":0,"6":0,"7":0,"8":0,"9":0,"10":0,"11":0,"12":0,"13":0,"14":0,"15":0,"16":0,"17":0,"18":0,"19":0,"20":0,"21":0,"22":0,"23":0,"24":0,"25":0,"26":0,"27":0,"28":0,"29":0,"30":0,"31":0,"32":0,"33":0,"34":0,"35":0,"36":0,"37":0,"38":0,"39":0,"40":0,"41":0,"42":0,"43":0,"44":0,"45":0,"46":0,"47":0,"48":0,"49":0,"50":0,"51":0,"52":0,"53":0,"54":0,"55":0,"56":0,"57":0,"58":0,"59":0,"60":0,"61":0,"62":0,"63":0,"64":0,"65":0,"66":0,"67":0,"68":0,"69":0,"70":0,"71":0,"72":0,"73":0,"74":0,"75":0,"76":0,"77":0,"78":0,"79":0,"80":0,"81":0,"82":0,"83":0,"84":0,"85":0,"86":0,"87":0,"88":0,"89":0,"90":0,"91":0,"92":0,"93":0,"94":0,"95":0,"96":0,"97":0,"98":0,"99":0,"100":0,"101":0,"102":0,"103":0,"104":0,"105":0,"106":0,"107":0,"108":0,"109":0,"110":0,"111":0,"112":0,"113":0,"114":0,"115":0,"116":0,"117":0,"118":0,"119":0,"120":0,"121":0,"122":0,"123":0,"124":0,"125":0,"126":0,"127":0,"128":0,"129":0,"130":0,"131":0,"132":0,"133":0,"134":0,"135":0,"136":0,"137":0,"138":0,"139":0,"140":0,"141":0,"142":0,"143":0,"144":0,"145":0,"146":0,"147":0,"148":0,"149":0,"150":0,"151":0,"152":0,"153":0,"154":0,"155":0,"156":0,"157":0,"158":0,"159":0,"160":0,"161":0,"162":0,"163":0,"164":0,"165":0,"166":0,"167":0,"168":0,"169":0,"170":0,"171":0,"172":0,"173":0,"174":0,"175":0,"176":0,"177":0,"178":0,"179":0,"180":0,"181":0,"182":0,"183":0,"184":0,"185":0,"186":0,"187":0,"188":0,"189":0,"190":0,"191":0,"192":0,"193":0,"194":0,"195":0,"196":0,"197":0,"198":0,"199":0,"200":0,"201":0,"202":0,"203":0,"204":0,"205":0,"206":0,"207":0,"208":0,"209":0,"210":0,"211":0,"212":0,"213":0,"214":0,"215":0,"216":0,"217":0,"218":0,"219":0,"220":0,"221":0,"222":0,"223":0,"224":0,"225":0,"226":0,"227":0,"228":0,"229":0,"230":0,"231":0,"232":0,"233":0,"234":0,"235":0,"236":0,"237":0,"238":0,"239":0,"240":0,"241":0,"242":0,"243":0,"244":0,"245":0,"246":0,"247":0,"248":0,"249":0,"250":0,"251":0,"252":0,"253":0,"254":0,"255":0,"256":0,"257":0,"258":0,"259":0,"260":0,"261":0,"262":0,"263":0,"264":0,"265":0,"266":0,"267":0,"268":0,"269":0,"270":0,"271":0,"272":0,"273":0,"274":0,"275":0,"276":0,"277":0,"278":0,"279":0,"280":0,"281":0,"282":0,"283":0,"284":0,"285":0,"286":0,"287":0,"288":0,"289":0,"290":0,"291":0,"292":0,"293":0,"294":0,"295":0,"296":0,"297":0,"298":0,"299":0,"300":0,"301":0,"302":0,"303":0,"304":0,"305":0,"306":0,"307":0,"308":0,"309":0,"310":0,"311":0,"312":0},"f":{"0":1,"1":0,"2":0,"3":0,"4":0,"5":0,"6":0,"7":0,"8":0,"9":0,"10":0,"11":0,"12":0,"13":0,"14":0,"15":0,"16":0,"17":0,"18":0,"19":0,"20":0,"21":0,"22":0,"23":0,"24":0,"25":0,"26":0,"27":0,"28":0,"29":0,"30":0,"31":0,"32":0,"33":0,"34":0,"35":0,"36":0,"37":0,"38":0,"39":0,"40":0,"41":0,"42":0,"43":0,"44":0,"45":0,"46":0,"47":0,"48":0,"49":0,"50":0,"51":0,"52":0,"53":0,"54":0,"55":0,"56":0,"57":0,"58":0},"b":{"0":[0,0],"1":[0,0],"2":[0,0],"3":[0,0],"4":[0,0],"5":[0,0],"6":[0,0],"7":[0,0],"8":[0,0],"9":[0,0],"10":[0,0],"11":[0,0],"12":[0,0],"13":[0,0],"14":[0,0],"15":[0,0],"16":[0,0],"17":[0,0],"18":[0,0],"19":[0,0],"20":[0,0],"21":[0,0],"22":[0,0],"23":[0,0],"24":[0,0],"25":[0,0],"26":[0,0],"27":[0,0],"28":[0,0],"29":[0,0],"30":[0,0],"31":[0,0],"32":[0,0],"33":[0,0],"34":[0,0],"35":[0,0],"36":[0,0],"37":[0,0],"38":[0,0],"39":[0,0],"40":[0,0],"41":[0,0],"42":[0,0],"43":[0,0],"44":[0,0],"45":[0,0],"46":[0,0],"47":[0,0],"48":[0,0],"49":[0,0],"50":[0,0],"51":[0,0],"52":[0,0],"53":[0,0],"54":[0,0],"55":[0,0],"56":[0,0],"57":[0,0],"58":[0,0],"59":[0,0],"60":[0,0,0,0],"61":[0,0],"62":[0,0],"63":[0,0],"64":[0,0],"65":[0,0],"66":[0,0],"67":[0,0],"68":[0,0],"69":[0,0],"70":[0,0],"71":[0,0],"72":[0,0,0,0],"73":[0,0],"74":[0,0],"75":[0,0],"76":[0,0],"77":[0,0],"78":[0,0],"79":[0,0],"80":[0,0],"81":[0,0],"82":[0,0],"83":[0,0],"84":[0,0],"85":[0,0],"86":[0,0,0,0],"87":[0,0],"88":[0,0],"89":[0,0],"90":[0,0],"91":[0,0],"92":[0,0],"93":[0,0],"94":[0,0],"95":[0,0],"96":[0,0],"97":[0,0],"98":[0,0],"99":[0,0,0,0],"100":[0,0],"101":[0,0],"102":[0,0]}}
,"/Users/iijimatatsusoku/TTHomeAccount/src/types/index.ts": {"path":"/Users/iijimatatsusoku/TTHomeAccount/src/types/index.ts","statementMap":{"0":{"start":{"line":79,"column":13},"end":{"line":113,"column":11}},"1":{"start":{"line":115,"column":13},"end":{"line":121,"column":11}}},"fnMap":{},"branchMap":{},"s":{"0":1,"1":1},"f":{},"b":{}}
}
