TN:
SF:src/components/calendar/QuickTransactionForm.tsx
FN:24,(anonymous_7)
FN:58,(anonymous_8)
FN:102,(anonymous_9)
FN:104,(anonymous_10)
FN:110,(anonymous_11)
FN:119,(anonymous_12)
FN:135,(anonymous_13)
FN:152,(anonymous_14)
FN:168,(anonymous_15)
FN:168,(anonymous_16)
FN:216,(anonymous_17)
FN:232,(anonymous_18)
FN:256,(anonymous_19)
FN:262,(anonymous_20)
FN:299,(anonymous_21)
FN:327,(anonymous_22)
FN:341,(anonymous_23)
FN:350,(anonymous_24)
FN:365,(anonymous_25)
FN:374,(anonymous_26)
FN:380,(anonymous_27)
FN:385,(anonymous_28)
FN:411,(anonymous_29)
FNF:23
FNH:15
FNDA:24,(anonymous_7)
FNDA:6,(anonymous_8)
FNDA:6,(anonymous_9)
FNDA:6,(anonymous_10)
FNDA:6,(anonymous_11)
FNDA:6,(anonymous_12)
FNDA:7,(anonymous_13)
FNDA:6,(anonymous_14)
FNDA:1,(anonymous_15)
FNDA:1,(anonymous_16)
FNDA:0,(anonymous_17)
FNDA:0,(anonymous_18)
FNDA:0,(anonymous_19)
FNDA:0,(anonymous_20)
FNDA:1,(anonymous_21)
FNDA:0,(anonymous_22)
FNDA:0,(anonymous_23)
FNDA:1,(anonymous_24)
FNDA:8,(anonymous_25)
FNDA:0,(anonymous_26)
FNDA:24,(anonymous_27)
FNDA:672,(anonymous_28)
FNDA:0,(anonymous_29)
DA:1,1
DA:2,1
DA:3,1
DA:4,1
DA:5,1
DA:6,1
DA:7,1
DA:8,1
DA:9,1
DA:10,1
DA:11,1
DA:13,1
DA:24,1
DA:32,24
DA:33,24
DA:34,24
DA:42,24
DA:43,24
DA:44,24
DA:51,24
DA:52,24
DA:53,24
DA:54,24
DA:55,24
DA:58,24
DA:59,6
DA:60,6
DA:61,1
DA:62,1
DA:70,1
DA:71,1
DA:72,1
DA:73,5
DA:74,0
DA:75,0
DA:83,0
DA:84,0
DA:85,0
DA:86,5
DA:87,5
DA:88,5
DA:96,5
DA:97,5
DA:98,5
DA:102,24
DA:103,6
DA:104,6
DA:105,6
DA:110,24
DA:111,6
DA:112,1
DA:113,5
DA:114,5
DA:119,24
DA:120,6
DA:121,6
DA:122,5
DA:123,5
DA:135,24
DA:136,7
DA:137,7
DA:138,1
DA:139,1
DA:147,1
DA:152,24
DA:153,6
DA:154,0
DA:155,0
DA:163,0
DA:164,0
DA:168,24
DA:169,1
DA:170,1
DA:171,1
DA:172,1
DA:173,1
DA:175,0
DA:184,0
DA:193,0
DA:195,0
DA:196,0
DA:197,0
DA:198,0
DA:199,0
DA:204,0
DA:214,0
DA:215,0
DA:216,0
DA:217,0
DA:218,0
DA:221,0
DA:230,0
DA:231,0
DA:232,0
DA:233,0
DA:234,0
DA:237,0
DA:245,0
DA:246,0
DA:248,0
DA:249,0
DA:250,0
DA:251,0
DA:252,0
DA:253,0
DA:255,0
DA:256,0
DA:258,0
DA:262,24
DA:263,0
DA:264,0
DA:272,0
DA:275,24
DA:299,1
DA:327,0
DA:341,0
DA:350,1
DA:365,8
DA:374,0
DA:381,24
DA:382,24
DA:383,24
DA:386,672
DA:411,0
LF:124
LH:76
BRDA:27,0,0,21
BRDA:28,1,0,24
BRDA:60,2,0,1
BRDA:60,2,1,5
BRDA:60,3,0,6
BRDA:60,3,1,1
BRDA:66,4,0,1
BRDA:66,4,1,0
BRDA:71,5,0,1
BRDA:71,5,1,0
BRDA:73,6,0,0
BRDA:73,6,1,5
BRDA:73,7,0,5
BRDA:73,7,1,0
BRDA:79,8,0,0
BRDA:79,8,1,0
BRDA:84,9,0,0
BRDA:84,9,1,0
BRDA:86,10,0,5
BRDA:86,10,1,0
BRDA:86,11,0,5
BRDA:86,11,1,5
BRDA:86,11,2,5
BRDA:111,12,0,1
BRDA:111,12,1,5
BRDA:113,13,0,5
BRDA:113,13,1,0
BRDA:121,14,0,5
BRDA:121,14,1,1
BRDA:137,15,0,1
BRDA:137,15,1,6
BRDA:143,16,0,1
BRDA:143,16,1,0
BRDA:147,17,0,1
BRDA:147,17,1,0
BRDA:153,18,0,0
BRDA:153,18,1,6
BRDA:159,19,0,0
BRDA:159,19,1,0
BRDA:163,20,0,0
BRDA:163,20,1,0
BRDA:164,21,0,0
BRDA:164,21,1,0
BRDA:170,22,0,0
BRDA:170,22,1,1
BRDA:171,23,0,1
BRDA:171,23,1,0
BRDA:171,24,0,1
BRDA:171,24,1,0
BRDA:176,25,0,0
BRDA:176,25,1,0
BRDA:182,26,0,0
BRDA:182,26,1,0
BRDA:184,27,0,0
BRDA:184,27,1,0
BRDA:185,28,0,0
BRDA:185,28,1,0
BRDA:185,28,2,0
BRDA:185,28,3,0
BRDA:185,28,4,0
BRDA:185,28,5,0
BRDA:198,29,0,0
BRDA:198,29,1,0
BRDA:212,30,0,0
BRDA:212,30,1,0
BRDA:250,31,0,0
BRDA:250,31,1,0
BRDA:250,32,0,0
BRDA:250,32,1,0
BRDA:252,33,0,0
BRDA:252,33,1,0
BRDA:252,34,0,0
BRDA:252,34,1,0
BRDA:253,35,0,0
BRDA:253,35,1,0
BRDA:253,36,0,0
BRDA:253,36,1,0
BRDA:272,37,0,0
BRDA:272,37,1,0
BRDA:276,38,0,2
BRDA:276,38,1,22
BRDA:277,39,0,24
BRDA:277,39,1,0
BRDA:277,39,2,0
BRDA:280,40,0,0
BRDA:280,40,1,0
BRDA:280,41,0,0
BRDA:280,41,1,0
BRDA:285,42,0,24
BRDA:285,42,1,0
BRDA:311,43,0,24
BRDA:311,43,1,2
BRDA:320,44,0,24
BRDA:320,44,1,2
BRDA:340,45,0,23
BRDA:340,45,1,1
BRDA:349,46,0,1
BRDA:349,46,1,23
BRDA:381,47,0,1
BRDA:381,47,1,23
BRDA:385,48,0,1
BRDA:385,48,1,23
BRDA:394,49,0,24
BRDA:394,49,1,1
BRDA:417,50,0,24
BRDA:417,50,1,2
BRDA:427,51,0,2
BRDA:427,51,1,22
BRF:108
BRH:49
end_of_record
TN:
SF:src/components/ui/button.tsx
FN:44,(anonymous_10)
FNF:1
FNH:1
FNDA:26,(anonymous_10)
DA:1,1
DA:2,1
DA:3,1
DA:5,1
DA:7,1
DA:43,1
DA:44,26
DA:45,26
DA:46,26
DA:55,1
DA:57,1
LF:11
LH:11
BRDA:44,0,0,26
BRDA:45,1,0,0
BRDA:45,1,1,26
BRF:3
BRH:2
end_of_record
TN:
SF:src/components/ui/input.tsx
FN:6,(anonymous_10)
FNF:1
FNH:1
FNDA:26,(anonymous_10)
DA:1,1
DA:3,1
DA:5,1
DA:6,26
DA:7,26
DA:20,1
DA:22,1
LF:7
LH:7
BRF:0
BRH:0
end_of_record
TN:
SF:src/components/ui/label.tsx
FN:15,(anonymous_10)
FNF:1
FNH:1
FNDA:123,(anonymous_10)
DA:1,1
DA:2,1
DA:3,1
DA:5,1
DA:7,1
DA:11,1
DA:15,123
DA:22,1
DA:24,1
LF:9
LH:9
BRF:0
BRH:0
end_of_record
TN:
SF:src/components/ui/radio-group.tsx
FN:10,(anonymous_10)
FN:24,(anonymous_11)
FNF:2
FNH:2
FNDA:24,(anonymous_10)
FNDA:48,(anonymous_11)
DA:1,1
DA:2,1
DA:3,1
DA:5,1
DA:7,1
DA:10,24
DA:11,24
DA:19,1
DA:21,1
DA:24,48
DA:25,48
DA:40,1
DA:42,1
LF:13
LH:13
BRF:0
BRH:0
end_of_record
TN:
SF:src/components/ui/scenario-selector.tsx
FN:12,(anonymous_7)
FN:21,(anonymous_8)
FN:22,(anonymous_9)
FN:22,(anonymous_10)
FN:29,(anonymous_11)
FN:65,(anonymous_12)
FNF:6
FNH:5
FNDA:3,(anonymous_7)
FNDA:1,(anonymous_8)
FNDA:1,(anonymous_9)
FNDA:1,(anonymous_10)
FNDA:2,(anonymous_11)
FNDA:0,(anonymous_12)
DA:1,1
DA:2,1
DA:3,1
DA:12,1
DA:18,3
DA:19,3
DA:21,3
DA:22,1
DA:23,1
DA:24,1
DA:26,1
DA:29,3
DA:31,2
DA:32,0
DA:33,0
DA:34,0
DA:39,3
DA:40,2
DA:49,1
DA:50,1
DA:59,0
DA:66,0
LF:22
LH:17
BRDA:15,0,0,0
BRDA:31,1,0,0
BRDA:31,1,1,2
BRDA:31,2,0,2
BRDA:31,2,1,1
BRDA:31,2,2,1
BRDA:33,3,0,0
BRDA:33,3,1,0
BRDA:39,4,0,2
BRDA:39,4,1,1
BRDA:49,5,0,1
BRDA:49,5,1,0
BRDA:69,6,0,0
BRDA:69,6,1,0
BRF:14
BRH:7
end_of_record
TN:
SF:src/components/ui/select.tsx
FN:21,(anonymous_10)
FN:41,(anonymous_11)
FN:58,(anonymous_12)
FN:76,(anonymous_13)
FN:108,(anonymous_14)
FN:120,(anonymous_15)
FN:142,(anonymous_16)
FNF:7
FNH:5
FNDA:27,(anonymous_10)
FNDA:24,(anonymous_11)
FNDA:24,(anonymous_12)
FNDA:24,(anonymous_13)
FNDA:0,(anonymous_14)
FNDA:672,(anonymous_15)
FNDA:0,(anonymous_16)
DA:1,1
DA:2,1
DA:8,1
DA:10,1
DA:12,1
DA:14,1
DA:16,1
DA:18,1
DA:21,27
DA:36,1
DA:38,1
DA:41,24
DA:53,1
DA:55,1
DA:58,24
DA:70,1
DA:73,1
DA:76,24
DA:103,1
DA:105,1
DA:108,0
DA:115,1
DA:117,1
DA:120,672
DA:137,1
DA:139,1
DA:142,0
DA:149,1
DA:152,1
DA:153,1
DA:154,1
DA:155,1
DA:156,1
DA:157,1
DA:158,1
DA:159,1
DA:160,1
DA:161,1
LF:38
LH:36
BRDA:76,0,0,24
BRDA:82,1,0,24
BRDA:82,1,1,24
BRDA:93,2,0,24
BRDA:93,2,1,24
BRF:5
BRH:5
end_of_record
TN:
SF:src/components/ui/textarea.tsx
FN:6,(anonymous_10)
FNF:1
FNH:1
FNDA:24,(anonymous_10)
DA:1,1
DA:3,1
DA:5,1
DA:6,24
DA:7,24
DA:19,1
DA:21,1
LF:7
LH:7
BRF:0
BRH:0
end_of_record
TN:
SF:src/hooks/use-toast.ts
FN:12,(anonymous_0)
FN:16,(anonymous_1)
FN:18,(anonymous_2)
FN:22,useSnackbar
FNF:4
FNH:3
FNDA:1,(anonymous_0)
FNDA:1,(anonymous_1)
FNDA:0,(anonymous_2)
FNDA:24,useSnackbar
DA:1,1
DA:12,1
DA:17,1
DA:18,1
DA:22,1
DA:23,24
DA:24,24
LF:7
LH:7
BRDA:16,0,0,0
BRDA:16,1,0,1
BRF:2
BRH:1
end_of_record
TN:
SF:src/lib/utils.ts
FN:4,cn
FNF:1
FNH:1
FNDA:1066,cn
DA:1,1
DA:2,1
DA:4,1
DA:5,1066
LF:4
LH:4
BRF:0
BRH:0
end_of_record
TN:
SF:src/store/useScenarioStore.ts
FN:17,(anonymous_7)
FN:22,(anonymous_8)
FN:22,(anonymous_9)
FN:39,(anonymous_10)
FN:39,(anonymous_11)
FN:63,(anonymous_12)
FN:63,(anonymous_13)
FN:79,(anonymous_14)
FN:79,(anonymous_15)
FN:95,(anonymous_16)
FN:95,(anonymous_17)
FN:127,(anonymous_18)
FN:129,(anonymous_19)
FNF:13
FNH:3
FNDA:1,(anonymous_7)
FNDA:1,(anonymous_8)
FNDA:1,(anonymous_9)
FNDA:0,(anonymous_10)
FNDA:0,(anonymous_11)
FNDA:0,(anonymous_12)
FNDA:0,(anonymous_13)
FNDA:0,(anonymous_14)
FNDA:0,(anonymous_15)
FNDA:0,(anonymous_16)
FNDA:0,(anonymous_17)
FNDA:0,(anonymous_18)
FNDA:0,(anonymous_19)
DA:1,1
DA:2,1
DA:17,1
DA:22,1
DA:23,1
DA:24,1
DA:25,1
DA:31,0
DA:32,0
DA:34,1
DA:35,1
DA:39,0
DA:40,0
DA:41,0
DA:43,0
DA:44,0
DA:45,0
DA:48,0
DA:55,0
DA:56,0
DA:58,0
DA:59,0
DA:63,0
DA:64,0
DA:65,0
DA:66,0
DA:71,0
DA:72,0
DA:74,0
DA:75,0
DA:79,0
DA:80,0
DA:81,0
DA:82,0
DA:87,0
DA:88,0
DA:90,0
DA:91,0
DA:95,0
DA:96,0
DA:97,0
DA:99,0
DA:100,0
DA:101,0
DA:105,0
DA:110,0
DA:113,0
DA:119,0
DA:120,0
DA:122,0
DA:123,0
DA:128,0
DA:129,0
LF:53
LH:9
BRDA:31,0,0,0
BRDA:31,0,1,0
BRDA:32,1,0,0
BRDA:32,1,1,0
BRDA:44,2,0,0
BRDA:44,2,1,0
BRDA:55,3,0,0
BRDA:55,3,1,0
BRDA:71,4,0,0
BRDA:71,4,1,0
BRDA:87,5,0,0
BRDA:87,5,1,0
BRDA:100,6,0,0
BRDA:100,6,1,0
BRDA:110,7,0,0
BRDA:110,7,1,0
BRDA:119,8,0,0
BRDA:119,8,1,0
BRDA:129,9,0,0
BRDA:129,9,1,0
BRF:20
BRH:0
end_of_record
TN:
SF:src/store/useTransactionStore.ts
FN:33,(anonymous_7)
FN:40,(anonymous_8)
FN:40,(anonymous_9)
FN:57,(anonymous_10)
FN:57,(anonymous_11)
FN:71,(anonymous_12)
FN:71,(anonymous_13)
FN:80,(anonymous_14)
FN:92,(anonymous_15)
FN:92,(anonymous_16)
FN:101,(anonymous_17)
FN:113,(anonymous_18)
FN:113,(anonymous_19)
FN:141,(anonymous_20)
FN:141,(anonymous_21)
FN:163,(anonymous_22)
FN:179,(anonymous_23)
FN:179,(anonymous_24)
FN:215,(anonymous_25)
FN:215,(anonymous_26)
FN:245,(anonymous_27)
FN:263,(anonymous_28)
FN:263,(anonymous_29)
FN:273,(anonymous_30)
FN:281,(anonymous_31)
FN:281,(anonymous_32)
FN:316,(anonymous_33)
FN:316,(anonymous_34)
FN:345,(anonymous_35)
FN:362,(anonymous_36)
FN:362,(anonymous_37)
FN:372,(anonymous_38)
FN:380,(anonymous_39)
FN:380,(anonymous_40)
FN:417,(anonymous_41)
FN:428,(anonymous_42)
FN:428,(anonymous_43)
FN:438,(anonymous_44)
FN:446,(anonymous_45)
FN:446,(anonymous_46)
FN:461,(anonymous_47)
FN:468,(anonymous_48)
FN:493,(anonymous_49)
FN:493,(anonymous_50)
FN:508,(anonymous_51)
FN:515,(anonymous_52)
FN:540,(anonymous_53)
FN:540,(anonymous_54)
FN:551,(anonymous_55)
FN:559,(anonymous_56)
FN:559,(anonymous_57)
FN:565,(anonymous_58)
FN:573,(anonymous_59)
FN:580,(anonymous_60)
FN:604,(anonymous_61)
FN:604,(anonymous_62)
FN:610,(anonymous_63)
FN:618,(anonymous_64)
FN:625,(anonymous_65)
FNF:59
FNH:1
FNDA:1,(anonymous_7)
FNDA:0,(anonymous_8)
FNDA:0,(anonymous_9)
FNDA:0,(anonymous_10)
FNDA:0,(anonymous_11)
FNDA:0,(anonymous_12)
FNDA:0,(anonymous_13)
FNDA:0,(anonymous_14)
FNDA:0,(anonymous_15)
FNDA:0,(anonymous_16)
FNDA:0,(anonymous_17)
FNDA:0,(anonymous_18)
FNDA:0,(anonymous_19)
FNDA:0,(anonymous_20)
FNDA:0,(anonymous_21)
FNDA:0,(anonymous_22)
FNDA:0,(anonymous_23)
FNDA:0,(anonymous_24)
FNDA:0,(anonymous_25)
FNDA:0,(anonymous_26)
FNDA:0,(anonymous_27)
FNDA:0,(anonymous_28)
FNDA:0,(anonymous_29)
FNDA:0,(anonymous_30)
FNDA:0,(anonymous_31)
FNDA:0,(anonymous_32)
FNDA:0,(anonymous_33)
FNDA:0,(anonymous_34)
FNDA:0,(anonymous_35)
FNDA:0,(anonymous_36)
FNDA:0,(anonymous_37)
FNDA:0,(anonymous_38)
FNDA:0,(anonymous_39)
FNDA:0,(anonymous_40)
FNDA:0,(anonymous_41)
FNDA:0,(anonymous_42)
FNDA:0,(anonymous_43)
FNDA:0,(anonymous_44)
FNDA:0,(anonymous_45)
FNDA:0,(anonymous_46)
FNDA:0,(anonymous_47)
FNDA:0,(anonymous_48)
FNDA:0,(anonymous_49)
FNDA:0,(anonymous_50)
FNDA:0,(anonymous_51)
FNDA:0,(anonymous_52)
FNDA:0,(anonymous_53)
FNDA:0,(anonymous_54)
FNDA:0,(anonymous_55)
FNDA:0,(anonymous_56)
FNDA:0,(anonymous_57)
FNDA:0,(anonymous_58)
FNDA:0,(anonymous_59)
FNDA:0,(anonymous_60)
FNDA:0,(anonymous_61)
FNDA:0,(anonymous_62)
FNDA:0,(anonymous_63)
FNDA:0,(anonymous_64)
FNDA:0,(anonymous_65)
DA:1,1
DA:2,1
DA:4,1
DA:33,1
DA:40,0
DA:41,0
DA:42,0
DA:43,0
DA:48,0
DA:49,0
DA:51,0
DA:53,0
DA:57,0
DA:58,0
DA:59,0
DA:64,0
DA:65,0
DA:67,0
DA:71,0
DA:72,0
DA:73,0
DA:78,0
DA:80,0
DA:86,0
DA:88,0
DA:92,0
DA:93,0
DA:94,0
DA:99,0
DA:101,0
DA:107,0
DA:109,0
DA:113,0
DA:114,0
DA:115,0
DA:116,0
DA:118,0
DA:131,0
DA:133,0
DA:134,0
DA:136,0
DA:137,0
DA:141,0
DA:142,0
DA:143,0
DA:144,0
DA:146,0
DA:159,0
DA:161,0
DA:162,0
DA:163,0
DA:166,0
DA:167,0
DA:168,0
DA:169,0
DA:171,0
DA:174,0
DA:175,0
DA:179,0
DA:180,0
DA:181,0
DA:182,0
DA:184,0
DA:197,0
DA:199,0
DA:200,0
DA:210,0
DA:211,0
DA:215,0
DA:216,0
DA:217,0
DA:219,0
DA:223,0
DA:224,0
DA:226,0
DA:232,0
DA:239,0
DA:240,0
DA:241,0
DA:244,0
DA:245,0
DA:246,0
DA:255,0
DA:257,0
DA:258,0
DA:259,0
DA:263,0
DA:264,0
DA:265,0
DA:270,0
DA:272,0
DA:273,0
DA:274,0
DA:276,0
DA:277,0
DA:281,0
DA:282,0
DA:283,0
DA:284,0
DA:286,0
DA:299,0
DA:301,0
DA:311,0
DA:312,0
DA:316,0
DA:317,0
DA:318,0
DA:320,0
DA:324,0
DA:325,0
DA:327,0
DA:333,0
DA:340,0
DA:341,0
DA:342,0
DA:345,0
DA:346,0
DA:356,0
DA:357,0
DA:358,0
DA:362,0
DA:363,0
DA:364,0
DA:369,0
DA:371,0
DA:372,0
DA:373,0
DA:375,0
DA:376,0
DA:380,0
DA:381,0
DA:382,0
DA:383,0
DA:384,0
DA:386,0
DA:395,0
DA:396,0
DA:397,0
DA:399,0
DA:406,0
DA:407,0
DA:408,0
DA:409,0
DA:410,0
DA:411,0
DA:414,0
DA:416,0
DA:417,0
DA:418,0
DA:420,0
DA:422,0
DA:423,0
DA:424,0
DA:428,0
DA:429,0
DA:430,0
DA:435,0
DA:437,0
DA:438,0
DA:439,0
DA:441,0
DA:442,0
DA:446,0
DA:447,0
DA:448,0
DA:449,0
DA:450,0
DA:451,0
DA:452,0
DA:453,0
DA:454,0
DA:455,0
DA:456,0
DA:457,0
DA:458,0
DA:459,0
DA:460,0
DA:461,0
DA:462,0
DA:464,0
DA:465,0
DA:466,0
DA:467,0
DA:468,0
DA:469,0
DA:474,0
DA:475,0
DA:487,0
DA:488,0
DA:493,0
DA:494,0
DA:495,0
DA:496,0
DA:497,0
DA:498,0
DA:499,0
DA:500,0
DA:501,0
DA:502,0
DA:503,0
DA:504,0
DA:505,0
DA:506,0
DA:507,0
DA:508,0
DA:509,0
DA:511,0
DA:512,0
DA:513,0
DA:514,0
DA:515,0
DA:516,0
DA:521,0
DA:522,0
DA:534,0
DA:535,0
DA:540,0
DA:541,0
DA:542,0
DA:547,0
DA:549,0
DA:550,0
DA:551,0
DA:554,0
DA:555,0
DA:559,0
DA:560,0
DA:561,0
DA:562,0
DA:563,0
DA:564,0
DA:565,0
DA:566,0
DA:567,0
DA:568,0
DA:569,0
DA:570,0
DA:571,0
DA:572,0
DA:573,0
DA:574,0
DA:576,0
DA:577,0
DA:578,0
DA:579,0
DA:580,0
DA:581,0
DA:586,0
DA:587,0
DA:599,0
DA:600,0
DA:604,0
DA:605,0
DA:606,0
DA:607,0
DA:608,0
DA:609,0
DA:610,0
DA:611,0
DA:612,0
DA:613,0
DA:614,0
DA:615,0
DA:616,0
DA:617,0
DA:618,0
DA:619,0
DA:621,0
DA:622,0
DA:623,0
DA:624,0
DA:625,0
DA:626,0
DA:631,0
DA:632,0
DA:644,0
DA:645,0
LF:277
LH:4
BRDA:48,0,0,0
BRDA:48,0,1,0
BRDA:49,1,0,0
BRDA:49,1,1,0
BRDA:64,2,0,0
BRDA:64,2,1,0
BRDA:65,3,0,0
BRDA:65,3,1,0
BRDA:78,4,0,0
BRDA:78,4,1,0
BRDA:80,5,0,0
BRDA:80,5,1,0
BRDA:82,6,0,0
BRDA:82,6,1,0
BRDA:84,7,0,0
BRDA:84,7,1,0
BRDA:99,8,0,0
BRDA:99,8,1,0
BRDA:101,9,0,0
BRDA:101,9,1,0
BRDA:103,10,0,0
BRDA:103,10,1,0
BRDA:105,11,0,0
BRDA:105,11,1,0
BRDA:116,12,0,0
BRDA:116,12,1,0
BRDA:124,13,0,0
BRDA:124,13,1,0
BRDA:125,14,0,0
BRDA:125,14,1,0
BRDA:131,15,0,0
BRDA:131,15,1,0
BRDA:144,16,0,0
BRDA:144,16,1,0
BRDA:159,17,0,0
BRDA:159,17,1,0
BRDA:163,18,0,0
BRDA:163,18,1,0
BRDA:166,19,0,0
BRDA:166,19,1,0
BRDA:182,20,0,0
BRDA:182,20,1,0
BRDA:191,21,0,0
BRDA:191,21,1,0
BRDA:197,22,0,0
BRDA:197,22,1,0
BRDA:203,23,0,0
BRDA:203,23,1,0
BRDA:205,24,0,0
BRDA:205,24,1,0
BRDA:223,25,0,0
BRDA:223,25,1,0
BRDA:224,26,0,0
BRDA:224,26,1,0
BRDA:228,27,0,0
BRDA:228,27,1,0
BRDA:239,28,0,0
BRDA:239,28,1,0
BRDA:246,29,0,0
BRDA:246,29,1,0
BRDA:249,30,0,0
BRDA:249,30,1,0
BRDA:251,31,0,0
BRDA:251,31,1,0
BRDA:270,32,0,0
BRDA:270,32,1,0
BRDA:284,33,0,0
BRDA:284,33,1,0
BRDA:293,34,0,0
BRDA:293,34,1,0
BRDA:299,35,0,0
BRDA:299,35,1,0
BRDA:304,36,0,0
BRDA:304,36,1,0
BRDA:306,37,0,0
BRDA:306,37,1,0
BRDA:324,38,0,0
BRDA:324,38,1,0
BRDA:325,39,0,0
BRDA:325,39,1,0
BRDA:329,40,0,0
BRDA:329,40,1,0
BRDA:340,41,0,0
BRDA:340,41,1,0
BRDA:346,42,0,0
BRDA:346,42,1,0
BRDA:349,43,0,0
BRDA:349,43,1,0
BRDA:351,44,0,0
BRDA:351,44,1,0
BRDA:369,45,0,0
BRDA:369,45,1,0
BRDA:392,46,0,0
BRDA:392,46,1,0
BRDA:393,47,0,0
BRDA:393,47,1,0
BRDA:393,48,0,0
BRDA:393,48,1,0
BRDA:406,49,0,0
BRDA:406,49,1,0
BRDA:418,50,0,0
BRDA:418,50,1,0
BRDA:435,51,0,0
BRDA:435,51,1,0
BRDA:452,52,0,0
BRDA:452,52,1,0
BRDA:454,53,0,0
BRDA:454,53,1,0
BRDA:460,54,0,0
BRDA:460,54,1,0
BRDA:462,55,0,0
BRDA:462,55,1,0
BRDA:464,56,0,0
BRDA:464,56,1,0
BRDA:466,57,0,0
BRDA:466,57,1,0
BRDA:466,58,0,0
BRDA:466,58,1,0
BRDA:468,59,0,0
BRDA:468,59,1,0
BRDA:469,60,0,0
BRDA:469,60,1,0
BRDA:469,60,2,0
BRDA:469,60,3,0
BRDA:474,61,0,0
BRDA:474,61,1,0
BRDA:482,62,0,0
BRDA:482,62,1,0
BRDA:482,63,0,0
BRDA:482,63,1,0
BRDA:499,64,0,0
BRDA:499,64,1,0
BRDA:501,65,0,0
BRDA:501,65,1,0
BRDA:507,66,0,0
BRDA:507,66,1,0
BRDA:509,67,0,0
BRDA:509,67,1,0
BRDA:511,68,0,0
BRDA:511,68,1,0
BRDA:513,69,0,0
BRDA:513,69,1,0
BRDA:513,70,0,0
BRDA:513,70,1,0
BRDA:515,71,0,0
BRDA:515,71,1,0
BRDA:516,72,0,0
BRDA:516,72,1,0
BRDA:516,72,2,0
BRDA:516,72,3,0
BRDA:521,73,0,0
BRDA:521,73,1,0
BRDA:529,74,0,0
BRDA:529,74,1,0
BRDA:529,75,0,0
BRDA:529,75,1,0
BRDA:547,76,0,0
BRDA:547,76,1,0
BRDA:565,77,0,0
BRDA:565,77,1,0
BRDA:566,78,0,0
BRDA:566,78,1,0
BRDA:566,79,0,0
BRDA:566,79,1,0
BRDA:572,80,0,0
BRDA:572,80,1,0
BRDA:574,81,0,0
BRDA:574,81,1,0
BRDA:576,82,0,0
BRDA:576,82,1,0
BRDA:578,83,0,0
BRDA:578,83,1,0
BRDA:578,84,0,0
BRDA:578,84,1,0
BRDA:580,85,0,0
BRDA:580,85,1,0
BRDA:581,86,0,0
BRDA:581,86,1,0
BRDA:581,86,2,0
BRDA:581,86,3,0
BRDA:586,87,0,0
BRDA:586,87,1,0
BRDA:594,88,0,0
BRDA:594,88,1,0
BRDA:594,89,0,0
BRDA:594,89,1,0
BRDA:610,90,0,0
BRDA:610,90,1,0
BRDA:611,91,0,0
BRDA:611,91,1,0
BRDA:611,92,0,0
BRDA:611,92,1,0
BRDA:617,93,0,0
BRDA:617,93,1,0
BRDA:619,94,0,0
BRDA:619,94,1,0
BRDA:621,95,0,0
BRDA:621,95,1,0
BRDA:623,96,0,0
BRDA:623,96,1,0
BRDA:623,97,0,0
BRDA:623,97,1,0
BRDA:625,98,0,0
BRDA:625,98,1,0
BRDA:626,99,0,0
BRDA:626,99,1,0
BRDA:626,99,2,0
BRDA:626,99,3,0
BRDA:631,100,0,0
BRDA:631,100,1,0
BRDA:639,101,0,0
BRDA:639,101,1,0
BRDA:639,102,0,0
BRDA:639,102,1,0
BRF:214
BRH:0
end_of_record
TN:
SF:src/types/index.ts
FNF:0
FNH:0
DA:79,1
DA:115,1
LF:2
LH:2
BRF:0
BRH:0
end_of_record
